2025-11-06 14:08:51 - INFO - -----------------------------------------------------
2025-11-06 14:09:01 - INFO - -----------------------------------------------------
2025-11-06 14:09:01 - INFO - Začátek
2025-11-06 14:09:01 - WARNING - 2025_11_06__14_09_01_629725 : Vlákno scanner nežije
2025-11-06 14:09:01 - INFO - 2025_11_06__14_09_01_630814 : Konec
2025-11-06 14:09:01 - INFO - -----------------------------------------------------
2025-11-06 14:09:53 - INFO - -----------------------------------------------------
2025-11-06 14:09:53 - INFO - Začátek
2025-11-06 14:09:53 - WARNING - 2025_11_06__14_09_53_304151 : Vlákno scanner nežije
2025-11-06 14:09:53 - INFO - 2025_11_06__14_09_53_304656 : Konec
2025-11-06 14:09:53 - INFO - -----------------------------------------------------
2025-11-06 14:10:45 - INFO - -----------------------------------------------------
2025-11-06 14:10:45 - INFO - Začátek
2025-11-06 14:10:45 - WARNING - 2025_11_06__14_10_45_544928 : Vlákno scanner nežije
2025-11-06 14:10:45 - INFO - 2025_11_06__14_10_45_545564 : Konec
2025-11-06 14:10:45 - INFO - -----------------------------------------------------
2025-11-06 14:12:05 - INFO - -----------------------------------------------------
2025-11-06 14:12:05 - INFO - Začátek
2025-11-06 14:12:14 - INFO - zapis_do_opc : Začátek
2025-11-06 14:12:14 - INFO - zapis_do_opc : Začátek
2025-11-06 14:12:14 - INFO - zapis_do_opc : Začátek
2025-11-06 14:34:26 - INFO - -----------------------------------------------------
2025-11-06 14:34:26 - INFO - Začátek
2025-11-06 14:34:38 - INFO - zapis_do_opc : Začátek
2025-11-06 14:34:38 - INFO - zapis_do_opc : ns=1;i=100002 - 'bool' object has no attribute 'encode'
2025-11-06 14:34:38 - INFO - zapis_do_opc : Začátek
2025-11-06 14:34:38 - INFO - zapis_do_opc : B1258042613*
2025-11-06 14:34:38 - INFO - zapis_do_opc : Začátek
2025-11-06 14:34:38 - INFO - zapis_do_opc : ns=1;i=100002 - 'bool' object has no attribute 'encode'
2025-11-06 14:39:04 - INFO - -----------------------------------------------------
2025-11-06 14:39:04 - INFO - Začátek
2025-11-06 14:39:15 - INFO - zapis_do_opc : Začátek
2025-11-06 14:39:29 - ERROR - zapis_do_opc : ns=1;i=100002 - 'bool' object has no attribute 'encode'
2025-11-06 14:45:04 - INFO - -----------------------------------------------------
2025-11-06 14:45:04 - INFO - Začátek
2025-11-06 14:45:14 - INFO - zapis_do_opc : Začátek
2025-11-06 14:45:14 - ERROR - zapis_do_opc : ns=1;i=100002 - can only concatenate str (not "bool") to str
2025-11-06 14:45:14 - INFO - zapis_do_opc : Začátek
2025-11-06 14:45:14 - INFO - zapis_do_opc : B1258042613*
2025-11-06 14:45:55 - INFO - -----------------------------------------------------
2025-11-06 14:45:55 - INFO - Začátek
2025-11-06 14:46:01 - INFO - zapis_do_opc : Začátek
2025-11-06 14:46:02 - INFO - zapis_do_opc : False
2025-11-06 14:46:02 - INFO - zapis_do_opc : Začátek
2025-11-06 14:46:02 - INFO - zapis_do_opc : B1258042613*
2025-11-06 14:46:08 - INFO - zapis_do_opc : Začátek
2025-11-06 14:46:08 - INFO - zapis_do_opc : False
2025-11-06 14:46:08 - INFO - zapis_do_opc : Začátek
2025-11-06 14:46:08 - INFO - zapis_do_opc : B1258042613*
