2025-11-10 08:40:47 - INFO - -----------------------------------------------------
2025-11-10 08:40:47 - INFO - Začátek
2025-11-10 08:43:15 - DEBUG - zapis_do_opc : Začátek
2025-11-10 08:43:15 - DEBUG - zapis_do_opc : False
2025-11-10 08:43:15 - DEBUG - zapis_do_opc : Začátek
2025-11-10 08:43:15 - DEBUG - zapis_do_opc : B1258042613*
2025-11-10 08:43:15 - DEBUG - cteni_z_opc : Začátek
2025-11-10 08:43:15 - DEBUG - cteni_z_opc : False
2025-11-10 08:43:15 - DEBUG - Potvrzení - False
2025-11-10 08:54:45 - DEBUG - zapis_do_opc : Začátek
2025-11-10 08:54:45 - DEBUG - zapis_do_opc : False
2025-11-10 08:54:45 - DEBUG - zapis_do_opc : Začátek
2025-11-10 08:54:45 - DEBUG - zapis_do_opc : D7243661005*
2025-11-10 08:54:45 - DEBUG - cteni_z_opc : Začátek
2025-11-10 08:54:45 - DEBUG - cteni_z_opc : False
2025-11-10 08:54:45 - DEBUG - Potvrzení - False
2025-11-10 08:57:10 - DEBUG - zapis_do_opc : Začátek
2025-11-10 08:57:10 - DEBUG - zapis_do_opc : False
2025-11-10 08:57:10 - DEBUG - zapis_do_opc : Začátek
2025-11-10 08:57:10 - DEBUG - zapis_do_opc : D7243661005*
2025-11-10 08:57:10 - DEBUG - cteni_z_opc : Začátek
2025-11-10 08:57:10 - DEBUG - cteni_z_opc : False
2025-11-10 08:57:10 - DEBUG - Potvrzení - False
2025-11-10 08:58:01 - DEBUG - zapis_do_opc : Začátek
2025-11-10 08:58:01 - DEBUG - zapis_do_opc : False
2025-11-10 08:58:01 - DEBUG - zapis_do_opc : Začátek
2025-11-10 08:58:01 - DEBUG - zapis_do_opc : D7243661005*
2025-11-10 08:58:01 - DEBUG - cteni_z_opc : Začátek
2025-11-10 08:58:01 - DEBUG - cteni_z_opc : False
2025-11-10 08:58:01 - DEBUG - Potvrzení - False
2025-11-10 08:58:51 - DEBUG - zapis_do_opc : Začátek
2025-11-10 08:58:51 - DEBUG - zapis_do_opc : False
2025-11-10 08:58:51 - DEBUG - zapis_do_opc : Začátek
2025-11-10 08:58:51 - DEBUG - zapis_do_opc : D7243661005*
2025-11-10 08:58:51 - DEBUG - cteni_z_opc : Začátek
2025-11-10 08:58:51 - DEBUG - cteni_z_opc : False
2025-11-10 08:58:51 - DEBUG - Potvrzení - False
2025-11-10 08:59:48 - DEBUG - zapis_do_opc : Začátek
2025-11-10 08:59:48 - DEBUG - zapis_do_opc : False
2025-11-10 08:59:48 - DEBUG - zapis_do_opc : Začátek
2025-11-10 08:59:48 - DEBUG - zapis_do_opc : D7243661005*
2025-11-10 08:59:48 - DEBUG - cteni_z_opc : Začátek
2025-11-10 08:59:48 - DEBUG - cteni_z_opc : False
2025-11-10 08:59:48 - DEBUG - Potvrzení - False
2025-11-10 09:00:52 - DEBUG - zapis_do_opc : Začátek
2025-11-10 09:00:52 - DEBUG - zapis_do_opc : False
2025-11-10 09:00:52 - DEBUG - zapis_do_opc : Začátek
2025-11-10 09:00:52 - DEBUG - zapis_do_opc : D7243661005*
2025-11-10 09:00:52 - DEBUG - cteni_z_opc : Začátek
2025-11-10 09:00:52 - DEBUG - cteni_z_opc : False
2025-11-10 09:00:52 - DEBUG - Potvrzení - False
2025-11-10 09:01:01 - DEBUG - zapis_do_opc : Začátek
2025-11-10 09:01:01 - DEBUG - zapis_do_opc : False
2025-11-10 09:01:01 - DEBUG - zapis_do_opc : Začátek
2025-11-10 09:01:01 - DEBUG - zapis_do_opc : D7243661005*
2025-11-10 09:01:01 - DEBUG - cteni_z_opc : Začátek
2025-11-10 09:01:01 - DEBUG - cteni_z_opc : False
2025-11-10 09:01:01 - DEBUG - Potvrzení - False
2025-11-10 09:03:15 - DEBUG - zapis_do_opc : Začátek
2025-11-10 09:03:15 - DEBUG - zapis_do_opc : False
2025-11-10 09:03:15 - DEBUG - zapis_do_opc : Začátek
2025-11-10 09:03:15 - DEBUG - zapis_do_opc : D7243661005*
2025-11-10 09:03:15 - DEBUG - cteni_z_opc : Začátek
2025-11-10 09:03:15 - DEBUG - cteni_z_opc : False
2025-11-10 09:03:15 - DEBUG - Potvrzení - False
2025-11-10 09:09:10 - DEBUG - zapis_do_opc : Začátek
2025-11-10 09:09:10 - DEBUG - zapis_do_opc : False
2025-11-10 09:09:10 - DEBUG - zapis_do_opc : Začátek
2025-11-10 09:09:10 - DEBUG - zapis_do_opc : D7243661005*
2025-11-10 09:09:10 - DEBUG - cteni_z_opc : Začátek
2025-11-10 09:09:10 - DEBUG - cteni_z_opc : False
2025-11-10 09:09:10 - DEBUG - Potvrzení - False
2025-11-10 09:09:19 - DEBUG - zapis_do_opc : Začátek
2025-11-10 09:09:19 - DEBUG - zapis_do_opc : False
2025-11-10 09:09:19 - DEBUG - zapis_do_opc : Začátek
2025-11-10 09:09:19 - DEBUG - zapis_do_opc : D7243661005*
2025-11-10 09:09:19 - DEBUG - cteni_z_opc : Začátek
2025-11-10 09:09:19 - DEBUG - cteni_z_opc : False
2025-11-10 09:09:19 - DEBUG - Potvrzení - False
2025-11-10 09:12:32 - DEBUG - zapis_do_opc : Začátek
2025-11-10 09:12:32 - DEBUG - zapis_do_opc : False
2025-11-10 09:12:32 - DEBUG - zapis_do_opc : Začátek
2025-11-10 09:12:32 - DEBUG - zapis_do_opc : D7243661005*
2025-11-10 09:12:32 - DEBUG - cteni_z_opc : Začátek
2025-11-10 09:12:32 - DEBUG - cteni_z_opc : False
2025-11-10 09:12:33 - DEBUG - Potvrzení - False
2025-11-10 09:12:41 - DEBUG - zapis_do_opc : Začátek
2025-11-10 09:12:41 - DEBUG - zapis_do_opc : False
2025-11-10 09:12:41 - DEBUG - zapis_do_opc : Začátek
2025-11-10 09:12:41 - DEBUG - zapis_do_opc : D7243661005*
2025-11-10 09:12:41 - DEBUG - cteni_z_opc : Začátek
2025-11-10 09:12:41 - DEBUG - cteni_z_opc : False
2025-11-10 09:12:41 - DEBUG - Potvrzení - False
2025-11-10 09:13:00 - DEBUG - zapis_do_opc : Začátek
2025-11-10 09:13:00 - DEBUG - zapis_do_opc : False
2025-11-10 09:13:00 - DEBUG - zapis_do_opc : Začátek
2025-11-10 09:13:00 - DEBUG - zapis_do_opc : D7243661005*
2025-11-10 09:13:00 - DEBUG - cteni_z_opc : Začátek
2025-11-10 09:13:00 - DEBUG - cteni_z_opc : False
2025-11-10 09:13:00 - DEBUG - Potvrzení - False
2025-11-10 09:14:21 - DEBUG - zapis_do_opc : Začátek
2025-11-10 09:14:21 - DEBUG - zapis_do_opc : False
2025-11-10 09:14:21 - DEBUG - zapis_do_opc : Začátek
2025-11-10 09:14:21 - DEBUG - zapis_do_opc : D7243661005*
2025-11-10 09:14:22 - DEBUG - cteni_z_opc : Začátek
2025-11-10 09:14:22 - DEBUG - cteni_z_opc : False
2025-11-10 09:14:22 - DEBUG - Potvrzení - False
2025-11-10 09:14:33 - DEBUG - zapis_do_opc : Začátek
2025-11-10 09:14:33 - DEBUG - zapis_do_opc : False
2025-11-10 09:14:33 - DEBUG - zapis_do_opc : Začátek
2025-11-10 09:14:33 - DEBUG - zapis_do_opc : D7243661005*
2025-11-10 09:14:33 - DEBUG - cteni_z_opc : Začátek
2025-11-10 09:14:33 - DEBUG - cteni_z_opc : False
2025-11-10 09:14:34 - DEBUG - Potvrzení - False
2025-11-10 09:15:38 - DEBUG - zapis_do_opc : Začátek
2025-11-10 09:15:38 - DEBUG - zapis_do_opc : False
2025-11-10 09:15:38 - DEBUG - zapis_do_opc : Začátek
2025-11-10 09:15:38 - DEBUG - zapis_do_opc : D7243661005*
2025-11-10 09:15:38 - DEBUG - cteni_z_opc : Začátek
2025-11-10 09:15:38 - DEBUG - cteni_z_opc : False
2025-11-10 09:15:38 - DEBUG - Potvrzení - False
2025-11-10 09:16:12 - DEBUG - zapis_do_opc : Začátek
2025-11-10 09:16:12 - DEBUG - zapis_do_opc : False
2025-11-10 09:16:12 - DEBUG - zapis_do_opc : Začátek
2025-11-10 09:16:12 - DEBUG - zapis_do_opc : D7243661005*
2025-11-10 09:16:12 - DEBUG - cteni_z_opc : Začátek
2025-11-10 09:16:12 - DEBUG - cteni_z_opc : False
2025-11-10 09:16:12 - DEBUG - Potvrzení - False
2025-11-10 09:21:09 - DEBUG - zapis_do_opc : Začátek
2025-11-10 09:21:09 - DEBUG - zapis_do_opc : False
2025-11-10 09:21:09 - DEBUG - zapis_do_opc : Začátek
2025-11-10 09:21:09 - DEBUG - zapis_do_opc : D7243661005*
2025-11-10 09:21:09 - DEBUG - cteni_z_opc : Začátek
2025-11-10 09:21:09 - DEBUG - cteni_z_opc : False
2025-11-10 09:21:09 - DEBUG - Potvrzení - False
2025-11-10 09:21:45 - DEBUG - zapis_do_opc : Začátek
2025-11-10 09:21:45 - DEBUG - zapis_do_opc : False
2025-11-10 09:21:45 - DEBUG - zapis_do_opc : Začátek
2025-11-10 09:21:45 - DEBUG - zapis_do_opc : D7243661005*
2025-11-10 09:21:45 - DEBUG - cteni_z_opc : Začátek
2025-11-10 09:21:45 - DEBUG - cteni_z_opc : False
2025-11-10 09:21:45 - DEBUG - Potvrzení - False
2025-11-10 09:22:07 - DEBUG - zapis_do_opc : Začátek
2025-11-10 09:22:07 - DEBUG - zapis_do_opc : False
2025-11-10 09:22:07 - DEBUG - zapis_do_opc : Začátek
2025-11-10 09:22:07 - DEBUG - zapis_do_opc : D7243661005*
2025-11-10 09:22:07 - DEBUG - cteni_z_opc : Začátek
2025-11-10 09:22:07 - DEBUG - cteni_z_opc : False
2025-11-10 09:22:07 - DEBUG - Potvrzení - False
2025-11-10 09:29:41 - INFO - -----------------------------------------------------
2025-11-10 09:29:41 - INFO - Začátek
2025-11-10 09:30:38 - DEBUG - zapis_do_opc : Začátek
2025-11-10 09:30:38 - DEBUG - zapis_do_opc : False
2025-11-10 09:30:38 - DEBUG - zapis_do_opc : Začátek
2025-11-10 09:30:38 - DEBUG - zapis_do_opc : D7243661005*
2025-11-10 09:30:38 - DEBUG - cteni_z_opc : Začátek
2025-11-10 09:30:38 - DEBUG - cteni_z_opc : False
2025-11-10 09:30:38 - DEBUG - Potvrzení - False
2025-11-10 09:30:50 - DEBUG - zapis_do_opc : Začátek
2025-11-10 09:30:50 - DEBUG - zapis_do_opc : False
2025-11-10 09:30:50 - DEBUG - zapis_do_opc : Začátek
2025-11-10 09:30:50 - DEBUG - zapis_do_opc : D7243661005*
2025-11-10 09:30:50 - DEBUG - cteni_z_opc : Začátek
2025-11-10 09:30:50 - DEBUG - cteni_z_opc : False
2025-11-10 09:30:50 - DEBUG - Potvrzení - False
2025-11-10 09:31:58 - DEBUG - zapis_do_opc : Začátek
2025-11-10 09:31:58 - DEBUG - zapis_do_opc : False
2025-11-10 09:31:58 - DEBUG - zapis_do_opc : Začátek
2025-11-10 09:31:58 - DEBUG - zapis_do_opc : D7243661005*
2025-11-10 09:31:58 - DEBUG - cteni_z_opc : Začátek
2025-11-10 09:31:58 - DEBUG - cteni_z_opc : False
2025-11-10 09:31:58 - DEBUG - Potvrzení - False
2025-11-10 09:32:17 - DEBUG - zapis_do_opc : Začátek
2025-11-10 09:32:17 - DEBUG - zapis_do_opc : False
2025-11-10 09:32:17 - DEBUG - zapis_do_opc : Začátek
2025-11-10 09:32:17 - DEBUG - zapis_do_opc : D7243661005*
2025-11-10 09:32:17 - DEBUG - cteni_z_opc : Začátek
2025-11-10 09:32:17 - DEBUG - cteni_z_opc : False
2025-11-10 09:32:17 - DEBUG - Potvrzení - False
2025-11-10 09:33:07 - INFO - -----------------------------------------------------
2025-11-10 09:33:07 - INFO - Začátek
2025-11-10 09:33:47 - DEBUG - zapis_do_opc : Začátek
2025-11-10 09:33:47 - DEBUG - zapis_do_opc : False
2025-11-10 09:33:47 - DEBUG - zapis_do_opc : Začátek
2025-11-10 09:33:47 - DEBUG - zapis_do_opc : D7243661005*
2025-11-10 09:33:47 - DEBUG - cteni_z_opc : Začátek
2025-11-10 09:33:47 - DEBUG - cteni_z_opc : False
2025-11-10 09:33:47 - DEBUG - Potvrzení - False
2025-11-10 09:34:00 - DEBUG - zapis_do_opc : Začátek
2025-11-10 09:34:00 - DEBUG - zapis_do_opc : False
2025-11-10 09:34:00 - DEBUG - zapis_do_opc : Začátek
2025-11-10 09:34:00 - DEBUG - zapis_do_opc : D7243661005*
2025-11-10 09:34:00 - DEBUG - cteni_z_opc : Začátek
2025-11-10 09:34:00 - DEBUG - cteni_z_opc : False
2025-11-10 09:34:00 - DEBUG - Potvrzení - False
2025-11-10 09:35:57 - INFO - -----------------------------------------------------
2025-11-10 09:35:57 - INFO - Začátek
2025-11-10 09:36:11 - DEBUG - zapis_do_opc : Začátek
2025-11-10 09:36:11 - ERROR - Error - Unsupported type
2025-11-10 09:36:12 - WARNING - Vlákno scanner nežije
2025-11-10 09:36:12 - INFO - 2025_11_10__09_36_12_006806 : Konec
2025-11-10 09:36:12 - INFO - -----------------------------------------------------
2025-11-10 09:37:32 - INFO - -----------------------------------------------------
2025-11-10 09:37:32 - INFO - Začátek
2025-11-10 09:37:40 - DEBUG - zapis_do_opc : Začátek
2025-11-10 09:37:40 - DEBUG - zapis_do_opc : False
2025-11-10 09:37:40 - DEBUG - zapis_do_opc : Začátek
2025-11-10 09:37:40 - DEBUG - zapis_do_opc : D7243661005*
2025-11-10 09:37:40 - DEBUG - cteni_z_opc : Začátek
2025-11-10 09:37:40 - DEBUG - cteni_z_opc : False
2025-11-10 09:37:40 - DEBUG - cteni_z_opc : Začátek
2025-11-10 09:37:40 - DEBUG - cteni_z_opc : False
2025-11-10 09:37:41 - DEBUG - cteni_z_opc : Začátek
2025-11-10 09:37:41 - DEBUG - cteni_z_opc : False
2025-11-10 09:37:41 - DEBUG - cteni_z_opc : Začátek
2025-11-10 09:37:41 - DEBUG - cteni_z_opc : False
2025-11-10 09:37:41 - DEBUG - cteni_z_opc : Začátek
2025-11-10 09:37:41 - DEBUG - cteni_z_opc : False
2025-11-10 09:37:41 - DEBUG - cteni_z_opc : Začátek
2025-11-10 09:37:41 - DEBUG - cteni_z_opc : True
2025-11-10 09:37:41 - DEBUG - zapis_do_opc : Začátek
2025-11-10 09:37:41 - DEBUG - zapis_do_opc : False
2025-11-10 09:37:41 - DEBUG - cteni_z_opc : Začátek
2025-11-10 09:37:41 - DEBUG - cteni_z_opc : 1
2025-11-10 09:37:42 - DEBUG - Potvrzení - True
2025-11-10 09:37:56 - DEBUG - zapis_do_opc : Začátek
2025-11-10 09:37:56 - DEBUG - zapis_do_opc : False
2025-11-10 09:37:56 - DEBUG - zapis_do_opc : Začátek
2025-11-10 09:37:56 - DEBUG - zapis_do_opc : D7243661005*
2025-11-10 09:37:56 - DEBUG - cteni_z_opc : Začátek
2025-11-10 09:37:56 - DEBUG - cteni_z_opc : False
2025-11-10 09:37:56 - DEBUG - cteni_z_opc : Začátek
2025-11-10 09:37:56 - DEBUG - cteni_z_opc : False
2025-11-10 09:37:56 - DEBUG - cteni_z_opc : Začátek
2025-11-10 09:37:56 - DEBUG - cteni_z_opc : False
2025-11-10 09:37:56 - DEBUG - cteni_z_opc : Začátek
2025-11-10 09:37:56 - DEBUG - cteni_z_opc : True
2025-11-10 09:37:56 - DEBUG - zapis_do_opc : Začátek
2025-11-10 09:37:56 - DEBUG - zapis_do_opc : False
2025-11-10 09:37:56 - DEBUG - cteni_z_opc : Začátek
2025-11-10 09:37:56 - DEBUG - cteni_z_opc : 3
2025-11-10 09:37:58 - DEBUG - Potvrzení - True
2025-11-10 09:49:40 - DEBUG - zapis_do_opc : Začátek
2025-11-10 09:49:40 - DEBUG - zapis_do_opc : False
2025-11-10 09:49:40 - DEBUG - zapis_do_opc : Začátek
2025-11-10 09:49:40 - DEBUG - zapis_do_opc : D7243661005*
2025-11-10 09:49:40 - DEBUG - cteni_z_opc : Začátek
2025-11-10 09:49:40 - DEBUG - cteni_z_opc : False
2025-11-10 09:49:40 - DEBUG - cteni_z_opc : Začátek
2025-11-10 09:49:40 - DEBUG - cteni_z_opc : False
2025-11-10 09:49:40 - DEBUG - cteni_z_opc : Začátek
2025-11-10 09:49:40 - DEBUG - cteni_z_opc : False
2025-11-10 09:49:40 - DEBUG - cteni_z_opc : Začátek
2025-11-10 09:49:40 - DEBUG - cteni_z_opc : False
2025-11-10 09:49:41 - DEBUG - cteni_z_opc : Začátek
2025-11-10 09:49:41 - DEBUG - cteni_z_opc : True
2025-11-10 09:49:41 - DEBUG - zapis_do_opc : Začátek
2025-11-10 09:49:41 - DEBUG - zapis_do_opc : False
2025-11-10 09:49:41 - DEBUG - cteni_z_opc : Začátek
2025-11-10 09:49:41 - DEBUG - cteni_z_opc : 3
2025-11-10 09:49:42 - DEBUG - Potvrzení - True
2025-11-10 09:49:58 - DEBUG - zapis_do_opc : Začátek
2025-11-10 09:49:58 - DEBUG - zapis_do_opc : False
2025-11-10 09:49:58 - DEBUG - zapis_do_opc : Začátek
2025-11-10 09:49:58 - DEBUG - zapis_do_opc : B1258042613*
2025-11-10 09:49:58 - DEBUG - cteni_z_opc : Začátek
2025-11-10 09:49:58 - DEBUG - cteni_z_opc : False
2025-11-10 09:49:58 - DEBUG - cteni_z_opc : Začátek
2025-11-10 09:49:58 - DEBUG - cteni_z_opc : False
2025-11-10 09:49:58 - DEBUG - cteni_z_opc : Začátek
2025-11-10 09:49:58 - DEBUG - cteni_z_opc : False
2025-11-10 09:49:58 - DEBUG - cteni_z_opc : Začátek
2025-11-10 09:49:58 - DEBUG - cteni_z_opc : False
2025-11-10 09:49:58 - DEBUG - cteni_z_opc : Začátek
2025-11-10 09:49:58 - DEBUG - cteni_z_opc : False
2025-11-10 09:49:58 - DEBUG - cteni_z_opc : Začátek
2025-11-10 09:49:59 - DEBUG - cteni_z_opc : False
2025-11-10 09:49:59 - DEBUG - cteni_z_opc : Začátek
2025-11-10 09:49:59 - DEBUG - cteni_z_opc : True
2025-11-10 09:49:59 - DEBUG - zapis_do_opc : Začátek
2025-11-10 09:49:59 - DEBUG - zapis_do_opc : False
2025-11-10 09:49:59 - DEBUG - cteni_z_opc : Začátek
2025-11-10 09:49:59 - DEBUG - cteni_z_opc : 3
2025-11-10 09:50:00 - DEBUG - Potvrzení - True
2025-11-10 09:59:28 - DEBUG - zapis_do_opc : Začátek
2025-11-10 09:59:28 - DEBUG - zapis_do_opc : False
2025-11-10 09:59:28 - DEBUG - zapis_do_opc : Začátek
2025-11-10 09:59:28 - DEBUG - zapis_do_opc : B1258042613*
2025-11-10 09:59:28 - DEBUG - cteni_z_opc : Začátek
2025-11-10 09:59:28 - DEBUG - cteni_z_opc : False
2025-11-10 09:59:28 - DEBUG - cteni_z_opc : Začátek
2025-11-10 09:59:28 - DEBUG - cteni_z_opc : False
2025-11-10 09:59:29 - DEBUG - cteni_z_opc : Začátek
2025-11-10 09:59:29 - DEBUG - cteni_z_opc : False
2025-11-10 09:59:29 - DEBUG - cteni_z_opc : Začátek
2025-11-10 09:59:29 - DEBUG - cteni_z_opc : False
2025-11-10 09:59:29 - DEBUG - cteni_z_opc : Začátek
2025-11-10 09:59:29 - DEBUG - cteni_z_opc : False
2025-11-10 09:59:29 - DEBUG - cteni_z_opc : Začátek
2025-11-10 09:59:29 - DEBUG - cteni_z_opc : True
2025-11-10 09:59:29 - DEBUG - zapis_do_opc : Začátek
2025-11-10 09:59:29 - DEBUG - zapis_do_opc : False
2025-11-10 09:59:29 - DEBUG - cteni_z_opc : Začátek
2025-11-10 09:59:29 - DEBUG - cteni_z_opc : 3
2025-11-10 09:59:31 - DEBUG - Potvrzení - True
2025-11-10 10:35:13 - DEBUG - zapis_do_opc : Začátek
2025-11-10 10:35:13 - DEBUG - zapis_do_opc : False
2025-11-10 10:35:13 - DEBUG - zapis_do_opc : Začátek
2025-11-10 10:35:13 - DEBUG - zapis_do_opc : D7243661005*
2025-11-10 10:35:13 - DEBUG - cteni_z_opc : Začátek
2025-11-10 10:35:13 - DEBUG - cteni_z_opc : False
2025-11-10 10:35:13 - DEBUG - cteni_z_opc : Začátek
2025-11-10 10:35:13 - DEBUG - cteni_z_opc : False
2025-11-10 10:35:14 - DEBUG - cteni_z_opc : Začátek
2025-11-10 10:35:14 - DEBUG - cteni_z_opc : False
2025-11-10 10:35:14 - DEBUG - cteni_z_opc : Začátek
2025-11-10 10:35:14 - DEBUG - cteni_z_opc : False
2025-11-10 10:35:14 - DEBUG - cteni_z_opc : Začátek
2025-11-10 10:35:14 - DEBUG - cteni_z_opc : False
2025-11-10 10:35:14 - DEBUG - cteni_z_opc : Začátek
2025-11-10 10:35:14 - DEBUG - cteni_z_opc : True
2025-11-10 10:35:14 - DEBUG - zapis_do_opc : Začátek
2025-11-10 10:35:14 - DEBUG - zapis_do_opc : False
2025-11-10 10:35:14 - DEBUG - cteni_z_opc : Začátek
2025-11-10 10:35:14 - DEBUG - cteni_z_opc : 3
2025-11-10 10:35:16 - DEBUG - Potvrzení - True
2025-11-10 10:37:58 - DEBUG - zapis_do_opc : Začátek
2025-11-10 10:37:58 - DEBUG - zapis_do_opc : False
2025-11-10 10:37:58 - DEBUG - zapis_do_opc : Začátek
2025-11-10 10:37:58 - DEBUG - zapis_do_opc : D7243661005*
2025-11-10 10:37:58 - DEBUG - cteni_z_opc : Začátek
2025-11-10 10:37:58 - DEBUG - cteni_z_opc : False
2025-11-10 10:37:58 - DEBUG - cteni_z_opc : Začátek
2025-11-10 10:37:58 - DEBUG - cteni_z_opc : False
2025-11-10 10:37:58 - DEBUG - cteni_z_opc : Začátek
2025-11-10 10:37:58 - DEBUG - cteni_z_opc : False
2025-11-10 10:37:58 - DEBUG - cteni_z_opc : Začátek
2025-11-10 10:37:58 - DEBUG - cteni_z_opc : False
2025-11-10 10:37:58 - DEBUG - cteni_z_opc : Začátek
2025-11-10 10:37:58 - DEBUG - cteni_z_opc : True
2025-11-10 10:37:58 - DEBUG - zapis_do_opc : Začátek
2025-11-10 10:37:58 - DEBUG - zapis_do_opc : False
2025-11-10 10:37:58 - DEBUG - cteni_z_opc : Začátek
2025-11-10 10:37:58 - DEBUG - cteni_z_opc : 3
2025-11-10 10:38:00 - DEBUG - Potvrzení - True
2025-11-10 10:38:14 - DEBUG - zapis_do_opc : Začátek
2025-11-10 10:38:14 - DEBUG - zapis_do_opc : False
2025-11-10 10:38:14 - DEBUG - zapis_do_opc : Začátek
2025-11-10 10:38:14 - DEBUG - zapis_do_opc : B1258042613*
2025-11-10 10:38:14 - DEBUG - cteni_z_opc : Začátek
2025-11-10 10:38:14 - DEBUG - cteni_z_opc : False
2025-11-10 10:38:15 - DEBUG - cteni_z_opc : Začátek
2025-11-10 10:38:15 - DEBUG - cteni_z_opc : False
2025-11-10 10:38:15 - DEBUG - cteni_z_opc : Začátek
2025-11-10 10:38:15 - DEBUG - cteni_z_opc : False
2025-11-10 10:38:15 - DEBUG - cteni_z_opc : Začátek
2025-11-10 10:38:15 - DEBUG - cteni_z_opc : True
2025-11-10 10:38:15 - DEBUG - zapis_do_opc : Začátek
2025-11-10 10:38:15 - DEBUG - zapis_do_opc : False
2025-11-10 10:38:15 - DEBUG - cteni_z_opc : Začátek
2025-11-10 10:38:15 - DEBUG - cteni_z_opc : 3
2025-11-10 10:38:16 - DEBUG - Potvrzení - True
2025-11-10 10:38:52 - DEBUG - zapis_do_opc : Začátek
2025-11-10 10:38:52 - DEBUG - zapis_do_opc : False
2025-11-10 10:38:52 - DEBUG - zapis_do_opc : Začátek
2025-11-10 10:38:52 - DEBUG - zapis_do_opc : D7243661005*
2025-11-10 10:38:52 - DEBUG - cteni_z_opc : Začátek
2025-11-10 10:38:52 - DEBUG - cteni_z_opc : False
2025-11-10 10:38:52 - DEBUG - cteni_z_opc : Začátek
2025-11-10 10:38:52 - DEBUG - cteni_z_opc : False
2025-11-10 10:38:53 - DEBUG - cteni_z_opc : Začátek
2025-11-10 10:38:53 - DEBUG - cteni_z_opc : False
2025-11-10 10:38:53 - DEBUG - cteni_z_opc : Začátek
2025-11-10 10:38:53 - DEBUG - cteni_z_opc : False
2025-11-10 10:38:53 - DEBUG - cteni_z_opc : Začátek
2025-11-10 10:38:53 - DEBUG - cteni_z_opc : True
2025-11-10 10:38:53 - DEBUG - zapis_do_opc : Začátek
2025-11-10 10:38:53 - DEBUG - zapis_do_opc : False
2025-11-10 10:38:53 - DEBUG - cteni_z_opc : Začátek
2025-11-10 10:38:53 - DEBUG - cteni_z_opc : 3
2025-11-10 10:38:55 - DEBUG - Potvrzení - True
2025-11-10 10:39:18 - DEBUG - zapis_do_opc : Začátek
2025-11-10 10:39:18 - DEBUG - zapis_do_opc : False
2025-11-10 10:39:18 - DEBUG - zapis_do_opc : Začátek
2025-11-10 10:39:18 - DEBUG - zapis_do_opc : D7243661005*
2025-11-10 10:39:18 - DEBUG - cteni_z_opc : Začátek
2025-11-10 10:39:18 - DEBUG - cteni_z_opc : False
2025-11-10 10:39:18 - DEBUG - cteni_z_opc : Začátek
2025-11-10 10:39:18 - DEBUG - cteni_z_opc : False
2025-11-10 10:39:19 - DEBUG - cteni_z_opc : Začátek
2025-11-10 10:39:19 - DEBUG - cteni_z_opc : False
2025-11-10 10:39:19 - DEBUG - cteni_z_opc : Začátek
2025-11-10 10:39:19 - DEBUG - cteni_z_opc : False
2025-11-10 10:39:19 - DEBUG - cteni_z_opc : Začátek
2025-11-10 10:39:19 - DEBUG - cteni_z_opc : False
2025-11-10 10:39:19 - DEBUG - cteni_z_opc : Začátek
2025-11-10 10:39:19 - DEBUG - cteni_z_opc : True
2025-11-10 10:39:19 - DEBUG - zapis_do_opc : Začátek
2025-11-10 10:39:19 - DEBUG - zapis_do_opc : False
2025-11-10 10:39:19 - DEBUG - cteni_z_opc : Začátek
2025-11-10 10:39:19 - DEBUG - cteni_z_opc : 1
2025-11-10 10:39:20 - DEBUG - Potvrzení - True
2025-11-10 10:47:51 - DEBUG - zapis_do_opc : Začátek
2025-11-10 10:47:51 - DEBUG - zapis_do_opc : False
2025-11-10 10:47:51 - DEBUG - zapis_do_opc : Začátek
2025-11-10 10:47:51 - DEBUG - zapis_do_opc : B1258042613*
2025-11-10 10:47:51 - DEBUG - cteni_z_opc : Začátek
2025-11-10 10:47:51 - DEBUG - cteni_z_opc : False
2025-11-10 10:47:51 - DEBUG - cteni_z_opc : Začátek
2025-11-10 10:47:51 - DEBUG - cteni_z_opc : False
2025-11-10 10:47:51 - DEBUG - cteni_z_opc : Začátek
2025-11-10 10:47:51 - DEBUG - cteni_z_opc : False
2025-11-10 10:47:51 - DEBUG - cteni_z_opc : Začátek
2025-11-10 10:47:51 - DEBUG - cteni_z_opc : False
2025-11-10 10:47:52 - DEBUG - cteni_z_opc : Začátek
2025-11-10 10:47:52 - DEBUG - cteni_z_opc : True
2025-11-10 10:47:52 - DEBUG - zapis_do_opc : Začátek
2025-11-10 10:47:52 - DEBUG - zapis_do_opc : False
2025-11-10 10:47:52 - DEBUG - cteni_z_opc : Začátek
2025-11-10 10:47:52 - DEBUG - cteni_z_opc : 3
2025-11-10 10:47:53 - DEBUG - Potvrzení - True
2025-11-10 11:04:43 - DEBUG - zapis_do_opc : Začátek
2025-11-10 11:04:43 - DEBUG - zapis_do_opc : False
2025-11-10 11:04:43 - DEBUG - zapis_do_opc : Začátek
2025-11-10 11:04:43 - DEBUG - zapis_do_opc : B1258042613*
2025-11-10 11:04:43 - DEBUG - cteni_z_opc : Začátek
2025-11-10 11:04:43 - DEBUG - cteni_z_opc : False
2025-11-10 11:04:43 - DEBUG - cteni_z_opc : Začátek
2025-11-10 11:04:43 - DEBUG - cteni_z_opc : False
2025-11-10 11:04:43 - DEBUG - cteni_z_opc : Začátek
2025-11-10 11:04:43 - DEBUG - cteni_z_opc : False
2025-11-10 11:04:43 - DEBUG - cteni_z_opc : Začátek
2025-11-10 11:04:43 - DEBUG - cteni_z_opc : False
2025-11-10 11:04:44 - DEBUG - cteni_z_opc : Začátek
2025-11-10 11:04:44 - DEBUG - cteni_z_opc : True
2025-11-10 11:04:44 - DEBUG - zapis_do_opc : Začátek
2025-11-10 11:04:44 - DEBUG - zapis_do_opc : False
2025-11-10 11:04:44 - DEBUG - cteni_z_opc : Začátek
2025-11-10 11:04:44 - DEBUG - cteni_z_opc : 3
2025-11-10 11:04:45 - DEBUG - Potvrzení - True
2025-11-10 13:48:13 - DEBUG - zapis_do_opc : Začátek
2025-11-10 13:48:13 - DEBUG - zapis_do_opc : False
2025-11-10 13:48:13 - DEBUG - zapis_do_opc : Začátek
2025-11-10 13:48:13 - DEBUG - zapis_do_opc : D7243661005*
2025-11-10 13:48:13 - DEBUG - cteni_z_opc : Začátek
2025-11-10 13:48:13 - DEBUG - cteni_z_opc : False
2025-11-10 13:48:13 - DEBUG - cteni_z_opc : Začátek
2025-11-10 13:48:13 - DEBUG - cteni_z_opc : False
2025-11-10 13:48:13 - DEBUG - cteni_z_opc : Začátek
2025-11-10 13:48:13 - DEBUG - cteni_z_opc : False
2025-11-10 13:48:13 - DEBUG - cteni_z_opc : Začátek
2025-11-10 13:48:13 - DEBUG - cteni_z_opc : False
2025-11-10 13:48:13 - DEBUG - cteni_z_opc : Začátek
2025-11-10 13:48:13 - DEBUG - cteni_z_opc : True
2025-11-10 13:48:13 - DEBUG - zapis_do_opc : Začátek
2025-11-10 13:48:13 - DEBUG - zapis_do_opc : False
2025-11-10 13:48:13 - DEBUG - cteni_z_opc : Začátek
2025-11-10 13:48:13 - DEBUG - cteni_z_opc : 3
2025-11-10 13:48:15 - DEBUG - Potvrzení - True
2025-11-10 13:48:37 - DEBUG - zapis_do_opc : Začátek
2025-11-10 13:48:37 - DEBUG - zapis_do_opc : False
2025-11-10 13:48:37 - DEBUG - zapis_do_opc : Začátek
2025-11-10 13:48:37 - DEBUG - zapis_do_opc : D7243661005*
2025-11-10 13:48:37 - DEBUG - cteni_z_opc : Začátek
2025-11-10 13:48:37 - DEBUG - cteni_z_opc : False
2025-11-10 13:48:37 - DEBUG - cteni_z_opc : Začátek
2025-11-10 13:48:37 - DEBUG - cteni_z_opc : False
2025-11-10 13:48:37 - DEBUG - cteni_z_opc : Začátek
2025-11-10 13:48:37 - DEBUG - cteni_z_opc : False
2025-11-10 13:48:37 - DEBUG - cteni_z_opc : Začátek
2025-11-10 13:48:37 - DEBUG - cteni_z_opc : False
2025-11-10 13:48:37 - DEBUG - cteni_z_opc : Začátek
2025-11-10 13:48:37 - DEBUG - cteni_z_opc : False
2025-11-10 13:48:37 - DEBUG - cteni_z_opc : Začátek
2025-11-10 13:48:37 - DEBUG - cteni_z_opc : True
2025-11-10 13:48:38 - DEBUG - zapis_do_opc : Začátek
2025-11-10 13:48:38 - DEBUG - zapis_do_opc : False
2025-11-10 13:48:38 - DEBUG - cteni_z_opc : Začátek
2025-11-10 13:48:38 - DEBUG - cteni_z_opc : 3
2025-11-10 13:48:39 - DEBUG - Potvrzení - True
2025-11-10 14:16:18 - DEBUG - zapis_do_opc : Začátek
2025-11-10 14:16:18 - DEBUG - zapis_do_opc : False
2025-11-10 14:16:18 - DEBUG - zapis_do_opc : Začátek
2025-11-10 14:16:18 - DEBUG - zapis_do_opc : D7243661005*
2025-11-10 14:16:18 - DEBUG - cteni_z_opc : Začátek
2025-11-10 14:16:18 - DEBUG - cteni_z_opc : False
2025-11-10 14:16:18 - DEBUG - cteni_z_opc : Začátek
2025-11-10 14:16:18 - DEBUG - cteni_z_opc : False
2025-11-10 14:16:18 - DEBUG - cteni_z_opc : Začátek
2025-11-10 14:16:18 - DEBUG - cteni_z_opc : False
2025-11-10 14:16:18 - DEBUG - cteni_z_opc : Začátek
2025-11-10 14:16:19 - DEBUG - cteni_z_opc : False
2025-11-10 14:16:19 - DEBUG - cteni_z_opc : Začátek
2025-11-10 14:16:19 - DEBUG - cteni_z_opc : False
2025-11-10 14:16:19 - DEBUG - cteni_z_opc : Začátek
2025-11-10 14:16:19 - DEBUG - cteni_z_opc : False
2025-11-10 14:16:19 - DEBUG - cteni_z_opc : Začátek
2025-11-10 14:16:19 - DEBUG - cteni_z_opc : False
2025-11-10 14:16:19 - DEBUG - cteni_z_opc : Začátek
2025-11-10 14:16:19 - DEBUG - cteni_z_opc : False
2025-11-10 14:16:19 - DEBUG - cteni_z_opc : Začátek
2025-11-10 14:16:19 - DEBUG - cteni_z_opc : False
2025-11-10 14:16:19 - DEBUG - cteni_z_opc : Začátek
2025-11-10 14:16:19 - DEBUG - cteni_z_opc : False
2025-11-10 14:16:19 - DEBUG - cteni_z_opc : Začátek
2025-11-10 14:16:19 - DEBUG - cteni_z_opc : False
2025-11-10 14:16:20 - DEBUG - cteni_z_opc : Začátek
2025-11-10 14:16:20 - DEBUG - cteni_z_opc : False
2025-11-10 14:16:20 - DEBUG - cteni_z_opc : Začátek
2025-11-10 14:16:20 - DEBUG - cteni_z_opc : False
2025-11-10 14:16:20 - DEBUG - cteni_z_opc : Začátek
2025-11-10 14:16:20 - DEBUG - cteni_z_opc : False
2025-11-10 14:16:20 - DEBUG - cteni_z_opc : Začátek
2025-11-10 14:16:20 - DEBUG - cteni_z_opc : False
2025-11-10 14:16:20 - DEBUG - cteni_z_opc : Začátek
2025-11-10 14:16:20 - DEBUG - cteni_z_opc : False
2025-11-10 14:16:20 - DEBUG - cteni_z_opc : Začátek
2025-11-10 14:16:20 - DEBUG - cteni_z_opc : False
2025-11-10 14:16:20 - DEBUG - cteni_z_opc : Začátek
2025-11-10 14:16:20 - DEBUG - cteni_z_opc : False
2025-11-10 14:16:20 - DEBUG - cteni_z_opc : Začátek
2025-11-10 14:16:20 - DEBUG - cteni_z_opc : False
2025-11-10 14:16:21 - DEBUG - cteni_z_opc : Začátek
2025-11-10 14:16:21 - DEBUG - cteni_z_opc : False
2025-11-10 14:16:21 - DEBUG - Potvrzení - False
2025-11-10 14:28:24 - DEBUG - zapis_do_opc : Začátek
2025-11-10 14:28:24 - DEBUG - zapis_do_opc : False
2025-11-10 14:28:24 - DEBUG - zapis_do_opc : Začátek
2025-11-10 14:28:24 - DEBUG - zapis_do_opc : D7243661005*
2025-11-10 14:28:24 - DEBUG - cteni_z_opc : Začátek
2025-11-10 14:28:24 - DEBUG - cteni_z_opc : False
2025-11-10 14:28:24 - DEBUG - cteni_z_opc : Začátek
2025-11-10 14:28:24 - DEBUG - cteni_z_opc : False
2025-11-10 14:28:24 - DEBUG - cteni_z_opc : Začátek
2025-11-10 14:28:24 - DEBUG - cteni_z_opc : False
2025-11-10 14:28:24 - DEBUG - cteni_z_opc : Začátek
2025-11-10 14:28:25 - DEBUG - cteni_z_opc : False
2025-11-10 14:28:25 - DEBUG - cteni_z_opc : Začátek
2025-11-10 14:28:25 - DEBUG - cteni_z_opc : False
2025-11-10 14:28:25 - DEBUG - cteni_z_opc : Začátek
2025-11-10 14:28:25 - DEBUG - cteni_z_opc : True
2025-11-10 14:28:25 - DEBUG - zapis_do_opc : Začátek
2025-11-10 14:28:25 - DEBUG - zapis_do_opc : False
2025-11-10 14:28:25 - DEBUG - cteni_z_opc : Začátek
2025-11-10 14:28:25 - DEBUG - cteni_z_opc : 1
2025-11-10 14:28:25 - DEBUG - Potvrzení - True
2025-11-10 14:29:58 - DEBUG - zapis_do_opc : Začátek
2025-11-10 14:29:58 - DEBUG - zapis_do_opc : False
2025-11-10 14:29:58 - DEBUG - zapis_do_opc : Začátek
2025-11-10 14:29:58 - DEBUG - zapis_do_opc : D7243661005*
2025-11-10 14:29:58 - DEBUG - cteni_z_opc : Začátek
2025-11-10 14:29:58 - DEBUG - cteni_z_opc : False
2025-11-10 14:29:59 - DEBUG - cteni_z_opc : Začátek
2025-11-10 14:29:59 - DEBUG - cteni_z_opc : False
2025-11-10 14:29:59 - DEBUG - cteni_z_opc : Začátek
2025-11-10 14:29:59 - DEBUG - cteni_z_opc : False
2025-11-10 14:29:59 - DEBUG - cteni_z_opc : Začátek
2025-11-10 14:29:59 - DEBUG - cteni_z_opc : False
2025-11-10 14:29:59 - DEBUG - cteni_z_opc : Začátek
2025-11-10 14:29:59 - DEBUG - cteni_z_opc : True
2025-11-10 14:29:59 - DEBUG - zapis_do_opc : Začátek
2025-11-10 14:29:59 - DEBUG - zapis_do_opc : False
2025-11-10 14:29:59 - DEBUG - cteni_z_opc : Začátek
2025-11-10 14:29:59 - DEBUG - cteni_z_opc : 3
2025-11-10 14:30:01 - DEBUG - Potvrzení - True
2025-11-10 14:30:18 - DEBUG - zapis_do_opc : Začátek
2025-11-10 14:30:18 - DEBUG - zapis_do_opc : False
2025-11-10 14:30:18 - DEBUG - zapis_do_opc : Začátek
2025-11-10 14:30:18 - DEBUG - zapis_do_opc : D7243661005*
2025-11-10 14:30:18 - DEBUG - cteni_z_opc : Začátek
2025-11-10 14:30:18 - DEBUG - cteni_z_opc : False
2025-11-10 14:30:18 - DEBUG - cteni_z_opc : Začátek
2025-11-10 14:30:18 - DEBUG - cteni_z_opc : False
2025-11-10 14:30:18 - DEBUG - cteni_z_opc : Začátek
2025-11-10 14:30:18 - DEBUG - cteni_z_opc : True
2025-11-10 14:30:18 - DEBUG - zapis_do_opc : Začátek
2025-11-10 14:30:18 - DEBUG - zapis_do_opc : False
2025-11-10 14:30:18 - DEBUG - cteni_z_opc : Začátek
2025-11-10 14:30:18 - DEBUG - cteni_z_opc : 1
2025-11-10 14:30:19 - DEBUG - Potvrzení - True
2025-11-10 14:32:09 - DEBUG - zapis_do_opc : Začátek
2025-11-10 14:32:09 - DEBUG - zapis_do_opc : False
2025-11-10 14:32:09 - DEBUG - zapis_do_opc : Začátek
2025-11-10 14:32:09 - DEBUG - zapis_do_opc : D7243661005*
2025-11-10 14:32:09 - DEBUG - cteni_z_opc : Začátek
2025-11-10 14:32:09 - DEBUG - cteni_z_opc : False
2025-11-10 14:32:09 - DEBUG - cteni_z_opc : Začátek
2025-11-10 14:32:09 - DEBUG - cteni_z_opc : False
2025-11-10 14:32:09 - DEBUG - cteni_z_opc : Začátek
2025-11-10 14:32:09 - DEBUG - cteni_z_opc : False
2025-11-10 14:32:09 - DEBUG - cteni_z_opc : Začátek
2025-11-10 14:32:09 - DEBUG - cteni_z_opc : False
2025-11-10 14:32:09 - DEBUG - cteni_z_opc : Začátek
2025-11-10 14:32:09 - DEBUG - cteni_z_opc : True
2025-11-10 14:32:09 - DEBUG - zapis_do_opc : Začátek
2025-11-10 14:32:09 - DEBUG - zapis_do_opc : False
2025-11-10 14:32:09 - DEBUG - cteni_z_opc : Začátek
2025-11-10 14:32:09 - DEBUG - cteni_z_opc : 3
2025-11-10 14:32:11 - DEBUG - Potvrzení - True
2025-11-10 14:32:42 - DEBUG - zapis_do_opc : Začátek
2025-11-10 14:32:42 - DEBUG - zapis_do_opc : False
2025-11-10 14:32:42 - DEBUG - zapis_do_opc : Začátek
2025-11-10 14:32:42 - DEBUG - zapis_do_opc : D7243661005*
2025-11-10 14:32:42 - DEBUG - cteni_z_opc : Začátek
2025-11-10 14:32:42 - DEBUG - cteni_z_opc : False
2025-11-10 14:32:42 - DEBUG - cteni_z_opc : Začátek
2025-11-10 14:32:42 - DEBUG - cteni_z_opc : False
2025-11-10 14:32:42 - DEBUG - cteni_z_opc : Začátek
2025-11-10 14:32:42 - DEBUG - cteni_z_opc : False
2025-11-10 14:32:43 - DEBUG - cteni_z_opc : Začátek
2025-11-10 14:32:43 - DEBUG - cteni_z_opc : False
2025-11-10 14:32:43 - DEBUG - cteni_z_opc : Začátek
2025-11-10 14:32:43 - DEBUG - cteni_z_opc : False
2025-11-10 14:32:43 - DEBUG - cteni_z_opc : Začátek
2025-11-10 14:32:43 - DEBUG - cteni_z_opc : True
2025-11-10 14:32:43 - DEBUG - zapis_do_opc : Začátek
2025-11-10 14:32:43 - DEBUG - zapis_do_opc : False
2025-11-10 14:32:43 - DEBUG - cteni_z_opc : Začátek
2025-11-10 14:32:43 - DEBUG - cteni_z_opc : 1
2025-11-10 14:32:43 - DEBUG - Potvrzení - True
