2025-11-24 09:50:46 - INFO - -----------------------------------------------------
2025-11-24 09:50:46 - INFO - Začátek
2025-11-24 09:50:48 - ERROR - Error in while cycle  Exiting...
2025-11-24 09:50:48 - INFO - 2025_11_24__09_50_48_347324 : Konec
2025-11-24 09:50:48 - INFO - -----------------------------------------------------
2025-11-24 09:51:44 - INFO - -----------------------------------------------------
2025-11-24 09:51:44 - INFO - Začátek
2025-11-24 09:51:49 - ERROR - Error in while cycle  Exiting...
2025-11-24 09:51:49 - INFO - 2025_11_24__09_51_49_001732 : Konec
2025-11-24 09:51:49 - INFO - -----------------------------------------------------
2025-11-24 10:23:09 - INFO - -----------------------------------------------------
2025-11-24 10:23:09 - INFO - Začátek
2025-11-24 10:35:53 - INFO - -----------------------------------------------------
2025-11-24 10:35:53 - INFO - Začátek
2025-11-24 10:37:12 - INFO - -----------------------------------------------------
2025-11-24 10:37:12 - INFO - Začátek
2025-11-24 10:42:57 - INFO - -----------------------------------------------------
2025-11-24 10:42:57 - INFO - Začátek
2025-11-24 11:07:50 - INFO - -----------------------------------------------------
2025-11-24 11:07:50 - INFO - Začátek
2025-11-24 11:31:53 - INFO - -----------------------------------------------------
2025-11-24 11:31:53 - INFO - Začátek
2025-11-24 11:36:46 - INFO - -----------------------------------------------------
2025-11-24 11:36:46 - INFO - Začátek
2025-11-24 14:00:18 - ERROR - Error - [Errno 5] Input/output error
2025-11-24 14:00:18 - WARNING - Vlákno scanner nežije
2025-11-24 14:00:18 - INFO - 2025_11_24__14_00_18_462849 : Konec
2025-11-24 14:00:18 - INFO - -----------------------------------------------------
2025-11-24 14:00:29.093 - INFO - -----------------------------------------------------
2025-11-24 14:00:29.093 - INFO - Začátek
2025-11-24 14:00:29.094 - WARNING - Vlákno scanner nežije
2025-11-24 14:00:29.095 - INFO - 2025_11_24__14_00_29_095110 : Konec
2025-11-24 14:00:29.095 - INFO - -----------------------------------------------------
2025-11-24 14:00:39.456 - INFO - -----------------------------------------------------
2025-11-24 14:00:39.456 - INFO - Začátek
2025-11-24 14:00:39.457 - WARNING - Vlákno scanner nežije
2025-11-24 14:00:39.457 - INFO - 2025_11_24__14_00_39_457774 : Konec
2025-11-24 14:00:39.458 - INFO - -----------------------------------------------------
2025-11-24 14:00:49.824 - INFO - -----------------------------------------------------
2025-11-24 14:00:49.824 - INFO - Začátek
2025-11-24 14:00:49.825 - WARNING - Vlákno scanner nežije
2025-11-24 14:00:49.825 - INFO - 2025_11_24__14_00_49_825418 : Konec
2025-11-24 14:00:49.825 - INFO - -----------------------------------------------------
2025-11-24 14:01:00.185 - INFO - -----------------------------------------------------
2025-11-24 14:01:00.185 - INFO - Začátek
2025-11-24 14:01:00.186 - WARNING - Vlákno scanner nežije
2025-11-24 14:01:00.186 - INFO - 2025_11_24__14_01_00_186887 : Konec
2025-11-24 14:01:00.187 - INFO - -----------------------------------------------------
2025-11-24 14:01:10.577 - INFO - -----------------------------------------------------
2025-11-24 14:01:10.577 - INFO - Začátek
2025-11-24 14:01:10.578 - WARNING - Vlákno scanner nežije
2025-11-24 14:01:10.578 - INFO - 2025_11_24__14_01_10_578390 : Konec
2025-11-24 14:01:10.578 - INFO - -----------------------------------------------------
2025-11-24 14:01:20.957 - INFO - -----------------------------------------------------
2025-11-24 14:01:20.957 - INFO - Začátek
2025-11-24 14:01:20.958 - WARNING - Vlákno scanner nežije
2025-11-24 14:01:20.959 - INFO - 2025_11_24__14_01_20_959087 : Konec
2025-11-24 14:01:20.959 - INFO - -----------------------------------------------------
2025-11-24 14:01:31.347 - INFO - -----------------------------------------------------
2025-11-24 14:01:31.348 - INFO - Začátek
2025-11-24 14:01:31.348 - WARNING - Vlákno scanner nežije
2025-11-24 14:01:31.349 - INFO - 2025_11_24__14_01_31_349249 : Konec
2025-11-24 14:01:31.349 - INFO - -----------------------------------------------------
2025-11-24 14:01:41.709 - INFO - -----------------------------------------------------
2025-11-24 14:01:41.709 - INFO - Začátek
2025-11-24 14:01:41.710 - WARNING - Vlákno scanner nežije
2025-11-24 14:01:41.711 - INFO - 2025_11_24__14_01_41_710946 : Konec
2025-11-24 14:01:41.711 - INFO - -----------------------------------------------------
2025-11-24 14:01:52.095 - INFO - -----------------------------------------------------
2025-11-24 14:01:52.096 - INFO - Začátek
2025-11-24 14:01:52.097 - WARNING - Vlákno scanner nežije
2025-11-24 14:01:52.097 - INFO - 2025_11_24__14_01_52_097350 : Konec
2025-11-24 14:01:52.097 - INFO - -----------------------------------------------------
2025-11-24 14:02:02.477 - INFO - -----------------------------------------------------
2025-11-24 14:02:02.478 - INFO - Začátek
2025-11-24 14:02:02.479 - WARNING - Vlákno scanner nežije
2025-11-24 14:02:02.479 - INFO - 2025_11_24__14_02_02_479353 : Konec
2025-11-24 14:02:02.479 - INFO - -----------------------------------------------------
2025-11-24 14:02:12.861 - INFO - -----------------------------------------------------
2025-11-24 14:02:12.861 - INFO - Začátek
2025-11-24 14:02:12.862 - WARNING - Vlákno scanner nežije
2025-11-24 14:02:12.862 - INFO - 2025_11_24__14_02_12_862914 : Konec
2025-11-24 14:02:12.863 - INFO - -----------------------------------------------------
2025-11-24 14:02:23.242 - INFO - -----------------------------------------------------
2025-11-24 14:02:23.242 - INFO - Začátek
2025-11-24 14:02:23.243 - WARNING - Vlákno scanner nežije
2025-11-24 14:02:23.244 - INFO - 2025_11_24__14_02_23_243959 : Konec
2025-11-24 14:02:23.244 - INFO - -----------------------------------------------------
2025-11-24 14:02:33.634 - INFO - -----------------------------------------------------
2025-11-24 14:02:33.634 - INFO - Začátek
2025-11-24 14:02:33.635 - WARNING - Vlákno scanner nežije
2025-11-24 14:02:33.636 - INFO - 2025_11_24__14_02_33_636143 : Konec
2025-11-24 14:02:33.636 - INFO - -----------------------------------------------------
2025-11-24 14:02:44.010 - INFO - -----------------------------------------------------
2025-11-24 14:02:44.010 - INFO - Začátek
2025-11-24 14:02:44.011 - WARNING - Vlákno scanner nežije
2025-11-24 14:02:44.011 - INFO - 2025_11_24__14_02_44_011519 : Konec
2025-11-24 14:02:44.011 - INFO - -----------------------------------------------------
2025-11-24 14:02:54.391 - INFO - -----------------------------------------------------
2025-11-24 14:02:54.391 - INFO - Začátek
2025-11-24 14:02:54.392 - WARNING - Vlákno scanner nežije
2025-11-24 14:02:54.392 - INFO - 2025_11_24__14_02_54_392589 : Konec
2025-11-24 14:02:54.392 - INFO - -----------------------------------------------------
2025-11-24 14:03:04.782 - INFO - -----------------------------------------------------
2025-11-24 14:03:04.782 - INFO - Začátek
2025-11-24 14:03:04.783 - WARNING - Vlákno scanner nežije
2025-11-24 14:03:04.784 - INFO - 2025_11_24__14_03_04_784080 : Konec
2025-11-24 14:03:04.784 - INFO - -----------------------------------------------------
2025-11-24 14:03:15.159 - INFO - -----------------------------------------------------
2025-11-24 14:03:15.159 - INFO - Začátek
2025-11-24 14:03:15.160 - WARNING - Vlákno scanner nežije
2025-11-24 14:03:15.161 - INFO - 2025_11_24__14_03_15_161177 : Konec
2025-11-24 14:03:15.161 - INFO - -----------------------------------------------------
2025-11-24 14:03:25.540 - INFO - -----------------------------------------------------
2025-11-24 14:03:25.540 - INFO - Začátek
2025-11-24 14:03:25.541 - WARNING - Vlákno scanner nežije
2025-11-24 14:03:25.541 - INFO - 2025_11_24__14_03_25_541637 : Konec
2025-11-24 14:03:25.541 - INFO - -----------------------------------------------------
2025-11-24 14:03:35.897 - INFO - -----------------------------------------------------
2025-11-24 14:03:35.897 - INFO - Začátek
2025-11-24 14:03:35.899 - WARNING - Vlákno scanner nežije
2025-11-24 14:03:35.899 - INFO - 2025_11_24__14_03_35_899291 : Konec
2025-11-24 14:03:35.899 - INFO - -----------------------------------------------------
2025-11-24 14:03:46.258 - INFO - -----------------------------------------------------
2025-11-24 14:03:46.258 - INFO - Začátek
2025-11-24 14:03:46.259 - WARNING - Vlákno scanner nežije
2025-11-24 14:03:46.259 - INFO - 2025_11_24__14_03_46_259938 : Konec
2025-11-24 14:03:46.260 - INFO - -----------------------------------------------------
2025-11-24 14:03:56.643 - INFO - -----------------------------------------------------
2025-11-24 14:03:56.644 - INFO - Začátek
2025-11-24 14:03:56.644 - WARNING - Vlákno scanner nežije
2025-11-24 14:03:56.645 - INFO - 2025_11_24__14_03_56_645137 : Konec
2025-11-24 14:03:56.645 - INFO - -----------------------------------------------------
2025-11-24 14:04:07.024 - INFO - -----------------------------------------------------
2025-11-24 14:04:07.025 - INFO - Začátek
2025-11-24 14:04:07.026 - WARNING - Vlákno scanner nežije
2025-11-24 14:04:07.026 - INFO - 2025_11_24__14_04_07_026292 : Konec
2025-11-24 14:04:07.026 - INFO - -----------------------------------------------------
2025-11-24 14:04:17.381 - INFO - -----------------------------------------------------
2025-11-24 14:04:17.382 - INFO - Začátek
2025-11-24 14:04:17.383 - WARNING - Vlákno scanner nežije
2025-11-24 14:04:17.383 - INFO - 2025_11_24__14_04_17_383547 : Konec
2025-11-24 14:04:17.383 - INFO - -----------------------------------------------------
2025-11-24 14:04:27.761 - INFO - -----------------------------------------------------
2025-11-24 14:04:27.761 - INFO - Začátek
2025-11-24 14:04:27.762 - WARNING - Vlákno scanner nežije
2025-11-24 14:04:27.763 - INFO - 2025_11_24__14_04_27_762998 : Konec
2025-11-24 14:04:27.763 - INFO - -----------------------------------------------------
2025-11-24 14:04:38.135 - INFO - -----------------------------------------------------
2025-11-24 14:04:38.135 - INFO - Začátek
2025-11-24 14:04:38.137 - WARNING - Vlákno scanner nežije
2025-11-24 14:04:38.137 - INFO - 2025_11_24__14_04_38_137269 : Konec
2025-11-24 14:04:38.137 - INFO - -----------------------------------------------------
2025-11-24 14:04:48.520 - INFO - -----------------------------------------------------
2025-11-24 14:04:48.520 - INFO - Začátek
2025-11-24 14:04:48.521 - WARNING - Vlákno scanner nežije
2025-11-24 14:04:48.521 - INFO - 2025_11_24__14_04_48_521666 : Konec
2025-11-24 14:04:48.521 - INFO - -----------------------------------------------------
2025-11-24 14:04:58.911 - INFO - -----------------------------------------------------
2025-11-24 14:04:58.912 - INFO - Začátek
2025-11-24 14:04:58.913 - WARNING - Vlákno scanner nežije
2025-11-24 14:04:58.913 - INFO - 2025_11_24__14_04_58_913409 : Konec
2025-11-24 14:04:58.913 - INFO - -----------------------------------------------------
2025-11-24 14:05:09.291 - INFO - -----------------------------------------------------
2025-11-24 14:05:09.291 - INFO - Začátek
2025-11-24 14:05:09.292 - WARNING - Vlákno scanner nežije
2025-11-24 14:05:09.293 - INFO - 2025_11_24__14_05_09_293267 : Konec
2025-11-24 14:05:09.293 - INFO - -----------------------------------------------------
2025-11-24 14:05:19.667 - INFO - -----------------------------------------------------
2025-11-24 14:05:19.668 - INFO - Začátek
2025-11-24 14:05:19.669 - WARNING - Vlákno scanner nežije
2025-11-24 14:05:19.669 - INFO - 2025_11_24__14_05_19_669448 : Konec
2025-11-24 14:05:19.669 - INFO - -----------------------------------------------------
2025-11-24 14:05:30.045 - INFO - -----------------------------------------------------
2025-11-24 14:05:30.045 - INFO - Začátek
2025-11-24 14:05:30.047 - WARNING - Vlákno scanner nežije
2025-11-24 14:05:30.047 - INFO - 2025_11_24__14_05_30_047481 : Konec
2025-11-24 14:05:30.047 - INFO - -----------------------------------------------------
2025-11-24 14:05:40.407 - INFO - -----------------------------------------------------
2025-11-24 14:05:40.408 - INFO - Začátek
2025-11-24 14:05:40.409 - WARNING - Vlákno scanner nežije
2025-11-24 14:05:40.409 - INFO - 2025_11_24__14_05_40_409258 : Konec
2025-11-24 14:05:40.409 - INFO - -----------------------------------------------------
2025-11-24 14:05:50.799 - INFO - -----------------------------------------------------
2025-11-24 14:05:50.799 - INFO - Začátek
2025-11-24 14:05:50.800 - WARNING - Vlákno scanner nežije
2025-11-24 14:05:50.800 - INFO - 2025_11_24__14_05_50_800700 : Konec
2025-11-24 14:05:50.800 - INFO - -----------------------------------------------------
2025-11-24 14:06:01.176 - INFO - -----------------------------------------------------
2025-11-24 14:06:01.176 - INFO - Začátek
2025-11-24 14:06:01.177 - WARNING - Vlákno scanner nežije
2025-11-24 14:06:01.177 - INFO - 2025_11_24__14_06_01_177402 : Konec
2025-11-24 14:06:01.177 - INFO - -----------------------------------------------------
2025-11-24 14:06:11.560 - INFO - -----------------------------------------------------
2025-11-24 14:06:11.560 - INFO - Začátek
2025-11-24 14:06:11.561 - WARNING - Vlákno scanner nežije
2025-11-24 14:06:11.562 - INFO - 2025_11_24__14_06_11_561960 : Konec
2025-11-24 14:06:11.562 - INFO - -----------------------------------------------------
2025-11-24 14:06:21.937 - INFO - -----------------------------------------------------
2025-11-24 14:06:21.937 - INFO - Začátek
2025-11-24 14:06:21.938 - WARNING - Vlákno scanner nežije
2025-11-24 14:06:21.938 - INFO - 2025_11_24__14_06_21_938895 : Konec
2025-11-24 14:06:21.939 - INFO - -----------------------------------------------------
2025-11-24 14:06:32.306 - INFO - -----------------------------------------------------
2025-11-24 14:06:32.307 - INFO - Začátek
2025-11-24 14:06:32.308 - WARNING - Vlákno scanner nežije
2025-11-24 14:06:32.308 - INFO - 2025_11_24__14_06_32_308415 : Konec
2025-11-24 14:06:32.308 - INFO - -----------------------------------------------------
2025-11-24 14:06:42.698 - INFO - -----------------------------------------------------
2025-11-24 14:06:42.698 - INFO - Začátek
2025-11-24 14:06:42.699 - WARNING - Vlákno scanner nežije
2025-11-24 14:06:42.699 - INFO - 2025_11_24__14_06_42_699661 : Konec
2025-11-24 14:06:42.699 - INFO - -----------------------------------------------------
2025-11-24 14:06:53.069 - INFO - -----------------------------------------------------
2025-11-24 14:06:53.069 - INFO - Začátek
2025-11-24 14:06:53.070 - WARNING - Vlákno scanner nežije
2025-11-24 14:06:53.070 - INFO - 2025_11_24__14_06_53_070732 : Konec
2025-11-24 14:06:53.070 - INFO - -----------------------------------------------------
2025-11-24 14:07:03.431 - INFO - -----------------------------------------------------
2025-11-24 14:07:03.431 - INFO - Začátek
2025-11-24 14:07:03.432 - WARNING - Vlákno scanner nežije
2025-11-24 14:07:03.432 - INFO - 2025_11_24__14_07_03_432605 : Konec
2025-11-24 14:07:03.432 - INFO - -----------------------------------------------------
2025-11-24 14:07:13.806 - INFO - -----------------------------------------------------
2025-11-24 14:07:13.806 - INFO - Začátek
2025-11-24 14:07:13.807 - WARNING - Vlákno scanner nežije
2025-11-24 14:07:13.808 - INFO - 2025_11_24__14_07_13_808192 : Konec
2025-11-24 14:07:13.808 - INFO - -----------------------------------------------------
2025-11-24 14:07:24.166 - INFO - -----------------------------------------------------
2025-11-24 14:07:24.166 - INFO - Začátek
2025-11-24 14:07:24.167 - WARNING - Vlákno scanner nežije
2025-11-24 14:07:24.167 - INFO - 2025_11_24__14_07_24_167593 : Konec
2025-11-24 14:07:24.167 - INFO - -----------------------------------------------------
2025-11-24 14:07:34.547 - INFO - -----------------------------------------------------
2025-11-24 14:07:34.547 - INFO - Začátek
2025-11-24 14:07:34.548 - WARNING - Vlákno scanner nežije
2025-11-24 14:07:34.548 - INFO - 2025_11_24__14_07_34_548816 : Konec
2025-11-24 14:07:34.548 - INFO - -----------------------------------------------------
2025-11-24 14:07:44.931 - INFO - -----------------------------------------------------
2025-11-24 14:07:44.931 - INFO - Začátek
2025-11-24 14:07:44.932 - WARNING - Vlákno scanner nežije
2025-11-24 14:07:44.932 - INFO - 2025_11_24__14_07_44_932588 : Konec
2025-11-24 14:07:44.932 - INFO - -----------------------------------------------------
2025-11-24 14:07:55.312 - INFO - -----------------------------------------------------
2025-11-24 14:07:55.313 - INFO - Začátek
2025-11-24 14:07:55.314 - WARNING - Vlákno scanner nežije
2025-11-24 14:07:55.314 - INFO - 2025_11_24__14_07_55_314512 : Konec
2025-11-24 14:07:55.314 - INFO - -----------------------------------------------------
2025-11-24 14:08:05.701 - INFO - -----------------------------------------------------
2025-11-24 14:08:05.701 - INFO - Začátek
2025-11-24 14:08:05.702 - WARNING - Vlákno scanner nežije
2025-11-24 14:08:05.703 - INFO - 2025_11_24__14_08_05_703163 : Konec
2025-11-24 14:08:05.703 - INFO - -----------------------------------------------------
2025-11-24 14:08:16.077 - INFO - -----------------------------------------------------
2025-11-24 14:08:16.077 - INFO - Začátek
2025-11-24 14:08:16.078 - WARNING - Vlákno scanner nežije
2025-11-24 14:08:16.078 - INFO - 2025_11_24__14_08_16_078682 : Konec
2025-11-24 14:08:16.078 - INFO - -----------------------------------------------------
2025-11-24 14:08:26.446 - INFO - -----------------------------------------------------
2025-11-24 14:08:26.446 - INFO - Začátek
2025-11-24 14:08:26.447 - WARNING - Vlákno scanner nežije
2025-11-24 14:08:26.447 - INFO - 2025_11_24__14_08_26_447880 : Konec
2025-11-24 14:08:26.448 - INFO - -----------------------------------------------------
2025-11-24 14:08:36.826 - INFO - -----------------------------------------------------
2025-11-24 14:08:36.826 - INFO - Začátek
2025-11-24 14:08:36.827 - WARNING - Vlákno scanner nežije
2025-11-24 14:08:36.827 - INFO - 2025_11_24__14_08_36_827790 : Konec
2025-11-24 14:08:36.827 - INFO - -----------------------------------------------------
2025-11-24 14:08:47.210 - INFO - -----------------------------------------------------
2025-11-24 14:08:47.210 - INFO - Začátek
2025-11-24 14:08:47.211 - WARNING - Vlákno scanner nežije
2025-11-24 14:08:47.212 - INFO - 2025_11_24__14_08_47_212268 : Konec
2025-11-24 14:08:47.212 - INFO - -----------------------------------------------------
2025-11-24 14:08:57.578 - INFO - -----------------------------------------------------
2025-11-24 14:08:57.578 - INFO - Začátek
2025-11-24 14:08:57.579 - WARNING - Vlákno scanner nežije
2025-11-24 14:08:57.579 - INFO - 2025_11_24__14_08_57_579883 : Konec
2025-11-24 14:08:57.580 - INFO - -----------------------------------------------------
2025-11-24 14:09:07.968 - INFO - -----------------------------------------------------
2025-11-24 14:09:07.968 - INFO - Začátek
2025-11-24 14:09:07.969 - WARNING - Vlákno scanner nežije
2025-11-24 14:09:07.969 - INFO - 2025_11_24__14_09_07_969889 : Konec
2025-11-24 14:09:07.970 - INFO - -----------------------------------------------------
2025-11-24 14:09:18.330 - INFO - -----------------------------------------------------
2025-11-24 14:09:18.330 - INFO - Začátek
2025-11-24 14:09:18.331 - WARNING - Vlákno scanner nežije
2025-11-24 14:09:18.332 - INFO - 2025_11_24__14_09_18_332009 : Konec
2025-11-24 14:09:18.332 - INFO - -----------------------------------------------------
2025-11-24 14:09:28.708 - INFO - -----------------------------------------------------
2025-11-24 14:09:28.709 - INFO - Začátek
2025-11-24 14:09:28.710 - WARNING - Vlákno scanner nežije
2025-11-24 14:09:28.710 - INFO - 2025_11_24__14_09_28_710215 : Konec
2025-11-24 14:09:28.710 - INFO - -----------------------------------------------------
2025-11-24 14:09:39.090 - INFO - -----------------------------------------------------
2025-11-24 14:09:39.090 - INFO - Začátek
2025-11-24 14:09:39.091 - WARNING - Vlákno scanner nežije
2025-11-24 14:09:39.092 - INFO - 2025_11_24__14_09_39_092212 : Konec
2025-11-24 14:09:39.092 - INFO - -----------------------------------------------------
2025-11-24 14:09:49.474 - INFO - -----------------------------------------------------
2025-11-24 14:09:49.474 - INFO - Začátek
2025-11-24 14:09:49.475 - WARNING - Vlákno scanner nežije
2025-11-24 14:09:49.476 - INFO - 2025_11_24__14_09_49_476083 : Konec
2025-11-24 14:09:49.476 - INFO - -----------------------------------------------------
2025-11-24 14:09:59.860 - INFO - -----------------------------------------------------
2025-11-24 14:09:59.860 - INFO - Začátek
2025-11-24 14:09:59.861 - WARNING - Vlákno scanner nežije
2025-11-24 14:09:59.861 - INFO - 2025_11_24__14_09_59_861706 : Konec
2025-11-24 14:09:59.861 - INFO - -----------------------------------------------------
2025-11-24 14:10:10.256 - INFO - -----------------------------------------------------
2025-11-24 14:10:10.256 - INFO - Začátek
2025-11-24 14:10:10.257 - WARNING - Vlákno scanner nežije
2025-11-24 14:10:10.257 - INFO - 2025_11_24__14_10_10_257864 : Konec
2025-11-24 14:10:10.258 - INFO - -----------------------------------------------------
2025-11-24 14:10:20.637 - INFO - -----------------------------------------------------
2025-11-24 14:10:20.637 - INFO - Začátek
2025-11-24 14:10:20.638 - WARNING - Vlákno scanner nežije
2025-11-24 14:10:20.638 - INFO - 2025_11_24__14_10_20_638773 : Konec
2025-11-24 14:10:20.639 - INFO - -----------------------------------------------------
2025-11-24 14:10:31.016 - INFO - -----------------------------------------------------
2025-11-24 14:10:31.017 - INFO - Začátek
2025-11-24 14:10:31.018 - WARNING - Vlákno scanner nežije
2025-11-24 14:10:31.018 - INFO - 2025_11_24__14_10_31_018386 : Konec
2025-11-24 14:10:31.018 - INFO - -----------------------------------------------------
2025-11-24 14:10:41.399 - INFO - -----------------------------------------------------
2025-11-24 14:10:41.399 - INFO - Začátek
2025-11-24 14:10:41.400 - WARNING - Vlákno scanner nežije
2025-11-24 14:10:41.400 - INFO - 2025_11_24__14_10_41_400771 : Konec
2025-11-24 14:10:41.401 - INFO - -----------------------------------------------------
2025-11-24 14:10:51.779 - INFO - -----------------------------------------------------
2025-11-24 14:10:51.779 - INFO - Začátek
2025-11-24 14:10:51.780 - WARNING - Vlákno scanner nežije
2025-11-24 14:10:51.780 - INFO - 2025_11_24__14_10_51_780301 : Konec
2025-11-24 14:10:51.780 - INFO - -----------------------------------------------------
2025-11-24 14:11:02.160 - INFO - -----------------------------------------------------
2025-11-24 14:11:02.160 - INFO - Začátek
2025-11-24 14:11:02.161 - WARNING - Vlákno scanner nežije
2025-11-24 14:11:02.162 - INFO - 2025_11_24__14_11_02_162044 : Konec
2025-11-24 14:11:02.162 - INFO - -----------------------------------------------------
2025-11-24 14:11:12.543 - INFO - -----------------------------------------------------
2025-11-24 14:11:12.543 - INFO - Začátek
2025-11-24 14:11:12.544 - WARNING - Vlákno scanner nežije
2025-11-24 14:11:12.545 - INFO - 2025_11_24__14_11_12_545155 : Konec
2025-11-24 14:11:12.545 - INFO - -----------------------------------------------------
2025-11-24 14:11:22.937 - INFO - -----------------------------------------------------
2025-11-24 14:11:22.937 - INFO - Začátek
2025-11-24 14:11:22.938 - WARNING - Vlákno scanner nežije
2025-11-24 14:11:22.938 - INFO - 2025_11_24__14_11_22_938827 : Konec
2025-11-24 14:11:22.939 - INFO - -----------------------------------------------------
2025-11-24 14:11:33.301 - INFO - -----------------------------------------------------
2025-11-24 14:11:33.302 - INFO - Začátek
2025-11-24 14:11:33.303 - WARNING - Vlákno scanner nežije
2025-11-24 14:11:33.303 - INFO - 2025_11_24__14_11_33_303286 : Konec
2025-11-24 14:11:33.303 - INFO - -----------------------------------------------------
2025-11-24 14:11:43.687 - INFO - -----------------------------------------------------
2025-11-24 14:11:43.688 - INFO - Začátek
2025-11-24 14:11:43.688 - WARNING - Vlákno scanner nežije
2025-11-24 14:11:43.689 - INFO - 2025_11_24__14_11_43_689124 : Konec
2025-11-24 14:11:43.689 - INFO - -----------------------------------------------------
2025-11-24 14:11:54.047 - INFO - -----------------------------------------------------
2025-11-24 14:11:54.047 - INFO - Začátek
2025-11-24 14:11:54.048 - WARNING - Vlákno scanner nežije
2025-11-24 14:11:54.048 - INFO - 2025_11_24__14_11_54_048795 : Konec
2025-11-24 14:11:54.048 - INFO - -----------------------------------------------------
2025-11-24 14:12:04.415 - INFO - -----------------------------------------------------
2025-11-24 14:12:04.415 - INFO - Začátek
2025-11-24 14:12:04.416 - WARNING - Vlákno scanner nežije
2025-11-24 14:12:04.416 - INFO - 2025_11_24__14_12_04_416694 : Konec
2025-11-24 14:12:04.416 - INFO - -----------------------------------------------------
2025-11-24 14:12:14.788 - INFO - -----------------------------------------------------
2025-11-24 14:12:14.789 - INFO - Začátek
2025-11-24 14:12:14.790 - WARNING - Vlákno scanner nežije
2025-11-24 14:12:14.790 - INFO - 2025_11_24__14_12_14_790468 : Konec
2025-11-24 14:12:14.790 - INFO - -----------------------------------------------------
2025-11-24 14:12:25.183 - INFO - -----------------------------------------------------
2025-11-24 14:12:25.184 - INFO - Začátek
2025-11-24 14:12:25.185 - WARNING - Vlákno scanner nežije
2025-11-24 14:12:25.185 - INFO - 2025_11_24__14_12_25_185510 : Konec
2025-11-24 14:12:25.185 - INFO - -----------------------------------------------------
2025-11-24 14:12:35.575 - INFO - -----------------------------------------------------
2025-11-24 14:12:35.576 - INFO - Začátek
2025-11-24 14:12:35.577 - WARNING - Vlákno scanner nežije
2025-11-24 14:12:35.577 - INFO - 2025_11_24__14_12_35_577584 : Konec
2025-11-24 14:12:35.577 - INFO - -----------------------------------------------------
2025-11-24 14:12:45.946 - INFO - -----------------------------------------------------
2025-11-24 14:12:45.946 - INFO - Začátek
2025-11-24 14:12:45.947 - WARNING - Vlákno scanner nežije
2025-11-24 14:12:45.947 - INFO - 2025_11_24__14_12_45_947844 : Konec
2025-11-24 14:12:45.948 - INFO - -----------------------------------------------------
2025-11-24 14:12:56.331 - INFO - -----------------------------------------------------
2025-11-24 14:12:56.331 - INFO - Začátek
2025-11-24 14:12:56.332 - WARNING - Vlákno scanner nežije
2025-11-24 14:12:56.332 - INFO - 2025_11_24__14_12_56_332664 : Konec
2025-11-24 14:12:56.332 - INFO - -----------------------------------------------------
2025-11-24 14:13:06.712 - INFO - -----------------------------------------------------
2025-11-24 14:13:06.712 - INFO - Začátek
2025-11-24 14:13:06.713 - WARNING - Vlákno scanner nežije
2025-11-24 14:13:06.713 - INFO - 2025_11_24__14_13_06_713310 : Konec
2025-11-24 14:13:06.713 - INFO - -----------------------------------------------------
2025-11-24 14:13:17.098 - INFO - -----------------------------------------------------
2025-11-24 14:13:17.098 - INFO - Začátek
2025-11-24 14:13:17.099 - WARNING - Vlákno scanner nežije
2025-11-24 14:13:17.100 - INFO - 2025_11_24__14_13_17_100084 : Konec
2025-11-24 14:13:17.100 - INFO - -----------------------------------------------------
2025-11-24 14:13:27.472 - INFO - -----------------------------------------------------
2025-11-24 14:13:27.472 - INFO - Začátek
2025-11-24 14:13:27.473 - WARNING - Vlákno scanner nežije
2025-11-24 14:13:27.474 - INFO - 2025_11_24__14_13_27_474140 : Konec
2025-11-24 14:13:27.474 - INFO - -----------------------------------------------------
2025-11-24 14:13:37.847 - INFO - -----------------------------------------------------
2025-11-24 14:13:37.847 - INFO - Začátek
2025-11-24 14:13:37.848 - WARNING - Vlákno scanner nežije
2025-11-24 14:13:37.849 - INFO - 2025_11_24__14_13_37_848966 : Konec
2025-11-24 14:13:37.849 - INFO - -----------------------------------------------------
2025-11-24 14:13:48.208 - INFO - -----------------------------------------------------
2025-11-24 14:13:48.208 - INFO - Začátek
2025-11-24 14:13:48.210 - WARNING - Vlákno scanner nežije
2025-11-24 14:13:48.210 - INFO - 2025_11_24__14_13_48_210268 : Konec
2025-11-24 14:13:48.210 - INFO - -----------------------------------------------------
2025-11-24 14:13:58.569 - INFO - -----------------------------------------------------
2025-11-24 14:13:58.570 - INFO - Začátek
2025-11-24 14:13:58.571 - WARNING - Vlákno scanner nežije
2025-11-24 14:13:58.571 - INFO - 2025_11_24__14_13_58_571308 : Konec
2025-11-24 14:13:58.571 - INFO - -----------------------------------------------------
2025-11-24 14:14:08.934 - INFO - -----------------------------------------------------
2025-11-24 14:14:08.934 - INFO - Začátek
2025-11-24 14:14:08.935 - WARNING - Vlákno scanner nežije
2025-11-24 14:14:08.935 - INFO - 2025_11_24__14_14_08_935759 : Konec
2025-11-24 14:14:08.936 - INFO - -----------------------------------------------------
2025-11-24 14:14:19.315 - INFO - -----------------------------------------------------
2025-11-24 14:14:19.315 - INFO - Začátek
2025-11-24 14:14:19.316 - WARNING - Vlákno scanner nežije
2025-11-24 14:14:19.316 - INFO - 2025_11_24__14_14_19_316826 : Konec
2025-11-24 14:14:19.317 - INFO - -----------------------------------------------------
2025-11-24 14:14:29.697 - INFO - -----------------------------------------------------
2025-11-24 14:14:29.697 - INFO - Začátek
2025-11-24 14:14:29.698 - WARNING - Vlákno scanner nežije
2025-11-24 14:14:29.699 - INFO - 2025_11_24__14_14_29_698991 : Konec
2025-11-24 14:14:29.699 - INFO - -----------------------------------------------------
2025-11-24 14:14:40.085 - INFO - -----------------------------------------------------
2025-11-24 14:14:40.086 - INFO - Začátek
2025-11-24 14:14:40.087 - WARNING - Vlákno scanner nežije
2025-11-24 14:14:40.087 - INFO - 2025_11_24__14_14_40_087514 : Konec
2025-11-24 14:14:40.087 - INFO - -----------------------------------------------------
2025-11-24 14:14:50.473 - INFO - -----------------------------------------------------
2025-11-24 14:14:50.474 - INFO - Začátek
2025-11-24 14:14:50.475 - WARNING - Vlákno scanner nežije
2025-11-24 14:14:50.475 - INFO - 2025_11_24__14_14_50_475404 : Konec
2025-11-24 14:14:50.475 - INFO - -----------------------------------------------------
2025-11-24 14:15:00.833 - INFO - -----------------------------------------------------
2025-11-24 14:15:00.833 - INFO - Začátek
2025-11-24 14:15:00.834 - WARNING - Vlákno scanner nežije
2025-11-24 14:15:00.835 - INFO - 2025_11_24__14_15_00_835013 : Konec
2025-11-24 14:15:00.835 - INFO - -----------------------------------------------------
2025-11-24 14:15:11.221 - INFO - -----------------------------------------------------
2025-11-24 14:15:11.221 - INFO - Začátek
2025-11-24 14:15:11.222 - WARNING - Vlákno scanner nežije
2025-11-24 14:15:11.222 - INFO - 2025_11_24__14_15_11_222429 : Konec
2025-11-24 14:15:11.222 - INFO - -----------------------------------------------------
2025-11-24 14:15:21.603 - INFO - -----------------------------------------------------
2025-11-24 14:15:21.603 - INFO - Začátek
2025-11-24 14:15:21.604 - WARNING - Vlákno scanner nežije
2025-11-24 14:15:21.604 - INFO - 2025_11_24__14_15_21_604719 : Konec
2025-11-24 14:15:21.604 - INFO - -----------------------------------------------------
2025-11-24 14:15:31.983 - INFO - -----------------------------------------------------
2025-11-24 14:15:31.983 - INFO - Začátek
2025-11-24 14:15:31.984 - WARNING - Vlákno scanner nežije
2025-11-24 14:15:31.985 - INFO - 2025_11_24__14_15_31_985135 : Konec
2025-11-24 14:15:31.985 - INFO - -----------------------------------------------------
2025-11-24 14:15:42.361 - INFO - -----------------------------------------------------
2025-11-24 14:15:42.361 - INFO - Začátek
2025-11-24 14:15:42.362 - WARNING - Vlákno scanner nežije
2025-11-24 14:15:42.362 - INFO - 2025_11_24__14_15_42_362640 : Konec
2025-11-24 14:15:42.362 - INFO - -----------------------------------------------------
2025-11-24 14:15:52.739 - INFO - -----------------------------------------------------
2025-11-24 14:15:52.740 - INFO - Začátek
2025-11-24 14:15:52.741 - WARNING - Vlákno scanner nežije
2025-11-24 14:15:52.741 - INFO - 2025_11_24__14_15_52_741489 : Konec
2025-11-24 14:15:52.741 - INFO - -----------------------------------------------------
2025-11-24 14:16:03.125 - INFO - -----------------------------------------------------
2025-11-24 14:16:03.125 - INFO - Začátek
2025-11-24 14:16:03.126 - WARNING - Vlákno scanner nežije
2025-11-24 14:16:03.126 - INFO - 2025_11_24__14_16_03_126924 : Konec
2025-11-24 14:16:03.127 - INFO - -----------------------------------------------------
2025-11-24 14:16:13.514 - INFO - -----------------------------------------------------
2025-11-24 14:16:13.514 - INFO - Začátek
2025-11-24 14:16:13.515 - WARNING - Vlákno scanner nežije
2025-11-24 14:16:13.515 - INFO - 2025_11_24__14_16_13_515851 : Konec
2025-11-24 14:16:13.516 - INFO - -----------------------------------------------------
2025-11-24 14:16:23.895 - INFO - -----------------------------------------------------
2025-11-24 14:16:23.895 - INFO - Začátek
2025-11-24 14:16:23.896 - WARNING - Vlákno scanner nežije
2025-11-24 14:16:23.896 - INFO - 2025_11_24__14_16_23_896565 : Konec
2025-11-24 14:16:23.896 - INFO - -----------------------------------------------------
2025-11-24 14:16:34.268 - INFO - -----------------------------------------------------
2025-11-24 14:16:34.269 - INFO - Začátek
2025-11-24 14:16:34.270 - WARNING - Vlákno scanner nežije
2025-11-24 14:16:34.270 - INFO - 2025_11_24__14_16_34_270367 : Konec
2025-11-24 14:16:34.270 - INFO - -----------------------------------------------------
2025-11-24 14:16:44.629 - INFO - -----------------------------------------------------
2025-11-24 14:16:44.630 - INFO - Začátek
2025-11-24 14:16:44.631 - WARNING - Vlákno scanner nežije
2025-11-24 14:16:44.631 - INFO - 2025_11_24__14_16_44_631442 : Konec
2025-11-24 14:16:44.631 - INFO - -----------------------------------------------------
2025-11-24 14:16:55.004 - INFO - -----------------------------------------------------
2025-11-24 14:16:55.004 - INFO - Začátek
2025-11-24 14:16:55.005 - WARNING - Vlákno scanner nežije
2025-11-24 14:16:55.005 - INFO - 2025_11_24__14_16_55_005707 : Konec
2025-11-24 14:16:55.005 - INFO - -----------------------------------------------------
2025-11-24 14:17:05.382 - INFO - -----------------------------------------------------
2025-11-24 14:17:05.382 - INFO - Začátek
2025-11-24 14:17:05.383 - WARNING - Vlákno scanner nežije
2025-11-24 14:17:05.383 - INFO - 2025_11_24__14_17_05_383888 : Konec
2025-11-24 14:17:05.384 - INFO - -----------------------------------------------------
2025-11-24 14:17:15.756 - INFO - -----------------------------------------------------
2025-11-24 14:17:15.757 - INFO - Začátek
2025-11-24 14:17:15.758 - WARNING - Vlákno scanner nežije
2025-11-24 14:17:15.758 - INFO - 2025_11_24__14_17_15_758469 : Konec
2025-11-24 14:17:15.758 - INFO - -----------------------------------------------------
2025-11-24 14:17:26.116 - INFO - -----------------------------------------------------
2025-11-24 14:17:26.116 - INFO - Začátek
2025-11-24 14:17:26.117 - WARNING - Vlákno scanner nežije
2025-11-24 14:17:26.117 - INFO - 2025_11_24__14_17_26_117423 : Konec
2025-11-24 14:17:26.117 - INFO - -----------------------------------------------------
2025-11-24 14:17:36.501 - INFO - -----------------------------------------------------
2025-11-24 14:17:36.501 - INFO - Začátek
2025-11-24 14:17:36.502 - WARNING - Vlákno scanner nežije
2025-11-24 14:17:36.502 - INFO - 2025_11_24__14_17_36_502914 : Konec
2025-11-24 14:17:36.503 - INFO - -----------------------------------------------------
2025-11-24 14:17:46.891 - INFO - -----------------------------------------------------
2025-11-24 14:17:46.891 - INFO - Začátek
2025-11-24 14:17:46.893 - WARNING - Vlákno scanner nežije
2025-11-24 14:17:46.893 - INFO - 2025_11_24__14_17_46_893212 : Konec
2025-11-24 14:17:46.893 - INFO - -----------------------------------------------------
2025-11-24 14:17:57.272 - INFO - -----------------------------------------------------
2025-11-24 14:17:57.273 - INFO - Začátek
2025-11-24 14:17:57.274 - WARNING - Vlákno scanner nežije
2025-11-24 14:17:57.274 - INFO - 2025_11_24__14_17_57_274751 : Konec
2025-11-24 14:17:57.275 - INFO - -----------------------------------------------------
2025-11-24 14:18:07.636 - INFO - -----------------------------------------------------
2025-11-24 14:18:07.636 - INFO - Začátek
2025-11-24 14:18:07.637 - WARNING - Vlákno scanner nežije
2025-11-24 14:18:07.637 - INFO - 2025_11_24__14_18_07_637720 : Konec
2025-11-24 14:18:07.637 - INFO - -----------------------------------------------------
2025-11-24 14:18:17.999 - INFO - -----------------------------------------------------
2025-11-24 14:18:17.999 - INFO - Začátek
2025-11-24 14:18:18.000 - WARNING - Vlákno scanner nežije
2025-11-24 14:18:18.000 - INFO - 2025_11_24__14_18_18_000758 : Konec
2025-11-24 14:18:18.000 - INFO - -----------------------------------------------------
2025-11-24 14:18:28.375 - INFO - -----------------------------------------------------
2025-11-24 14:18:28.375 - INFO - Začátek
2025-11-24 14:18:28.376 - WARNING - Vlákno scanner nežije
2025-11-24 14:18:28.376 - INFO - 2025_11_24__14_18_28_376868 : Konec
2025-11-24 14:18:28.377 - INFO - -----------------------------------------------------
2025-11-24 14:18:38.735 - INFO - -----------------------------------------------------
2025-11-24 14:18:38.736 - INFO - Začátek
2025-11-24 14:18:38.737 - WARNING - Vlákno scanner nežije
2025-11-24 14:18:38.737 - INFO - 2025_11_24__14_18_38_737288 : Konec
2025-11-24 14:18:38.737 - INFO - -----------------------------------------------------
2025-11-24 14:18:49.121 - INFO - -----------------------------------------------------
2025-11-24 14:18:49.122 - INFO - Začátek
2025-11-24 14:18:49.123 - WARNING - Vlákno scanner nežije
2025-11-24 14:18:49.123 - INFO - 2025_11_24__14_18_49_123367 : Konec
2025-11-24 14:18:49.123 - INFO - -----------------------------------------------------
2025-11-24 14:18:59.481 - INFO - -----------------------------------------------------
2025-11-24 14:18:59.481 - INFO - Začátek
2025-11-24 14:18:59.482 - WARNING - Vlákno scanner nežije
2025-11-24 14:18:59.482 - INFO - 2025_11_24__14_18_59_482872 : Konec
2025-11-24 14:18:59.483 - INFO - -----------------------------------------------------
2025-11-24 14:19:09.849 - INFO - -----------------------------------------------------
2025-11-24 14:19:09.849 - INFO - Začátek
2025-11-24 14:19:09.850 - WARNING - Vlákno scanner nežije
2025-11-24 14:19:09.851 - INFO - 2025_11_24__14_19_09_851097 : Konec
2025-11-24 14:19:09.851 - INFO - -----------------------------------------------------
2025-11-24 14:19:20.225 - INFO - -----------------------------------------------------
2025-11-24 14:19:20.225 - INFO - Začátek
2025-11-24 14:19:20.226 - WARNING - Vlákno scanner nežije
2025-11-24 14:19:20.226 - INFO - 2025_11_24__14_19_20_226909 : Konec
2025-11-24 14:19:20.227 - INFO - -----------------------------------------------------
2025-11-24 14:19:30.602 - INFO - -----------------------------------------------------
2025-11-24 14:19:30.602 - INFO - Začátek
2025-11-24 14:19:30.603 - WARNING - Vlákno scanner nežije
2025-11-24 14:19:30.603 - INFO - 2025_11_24__14_19_30_603748 : Konec
2025-11-24 14:19:30.603 - INFO - -----------------------------------------------------
2025-11-24 14:19:40.980 - INFO - -----------------------------------------------------
2025-11-24 14:19:40.980 - INFO - Začátek
2025-11-24 14:19:40.981 - WARNING - Vlákno scanner nežije
2025-11-24 14:19:40.982 - INFO - 2025_11_24__14_19_40_982017 : Konec
2025-11-24 14:19:40.982 - INFO - -----------------------------------------------------
2025-11-24 14:19:51.364 - INFO - -----------------------------------------------------
2025-11-24 14:19:51.365 - INFO - Začátek
2025-11-24 14:19:51.366 - WARNING - Vlákno scanner nežije
2025-11-24 14:19:51.366 - INFO - 2025_11_24__14_19_51_366398 : Konec
2025-11-24 14:19:51.366 - INFO - -----------------------------------------------------
2025-11-24 14:20:01.727 - INFO - -----------------------------------------------------
2025-11-24 14:20:01.727 - INFO - Začátek
2025-11-24 14:20:01.728 - WARNING - Vlákno scanner nežije
2025-11-24 14:20:01.728 - INFO - 2025_11_24__14_20_01_728731 : Konec
2025-11-24 14:20:01.728 - INFO - -----------------------------------------------------
2025-11-24 14:20:12.104 - INFO - -----------------------------------------------------
2025-11-24 14:20:12.104 - INFO - Začátek
2025-11-24 14:20:12.105 - WARNING - Vlákno scanner nežije
2025-11-24 14:20:12.106 - INFO - 2025_11_24__14_20_12_105990 : Konec
2025-11-24 14:20:12.106 - INFO - -----------------------------------------------------
2025-11-24 14:20:22.481 - INFO - -----------------------------------------------------
2025-11-24 14:20:22.481 - INFO - Začátek
2025-11-24 14:20:22.482 - WARNING - Vlákno scanner nežije
2025-11-24 14:20:22.482 - INFO - 2025_11_24__14_20_22_482507 : Konec
2025-11-24 14:20:22.482 - INFO - -----------------------------------------------------
2025-11-24 14:20:32.868 - INFO - -----------------------------------------------------
2025-11-24 14:20:32.868 - INFO - Začátek
2025-11-24 14:20:32.869 - WARNING - Vlákno scanner nežije
2025-11-24 14:20:32.869 - INFO - 2025_11_24__14_20_32_869497 : Konec
2025-11-24 14:20:32.869 - INFO - -----------------------------------------------------
2025-11-24 14:20:43.260 - INFO - -----------------------------------------------------
2025-11-24 14:20:43.261 - INFO - Začátek
2025-11-24 14:20:43.261 - WARNING - Vlákno scanner nežije
2025-11-24 14:20:43.262 - INFO - 2025_11_24__14_20_43_262112 : Konec
2025-11-24 14:20:43.262 - INFO - -----------------------------------------------------
2025-11-24 14:20:53.646 - INFO - -----------------------------------------------------
2025-11-24 14:20:53.647 - INFO - Začátek
2025-11-24 14:20:53.647 - WARNING - Vlákno scanner nežije
2025-11-24 14:20:53.648 - INFO - 2025_11_24__14_20_53_648131 : Konec
2025-11-24 14:20:53.648 - INFO - -----------------------------------------------------
2025-11-24 14:21:04.028 - INFO - -----------------------------------------------------
2025-11-24 14:21:04.028 - INFO - Začátek
2025-11-24 14:21:04.029 - WARNING - Vlákno scanner nežije
2025-11-24 14:21:04.029 - INFO - 2025_11_24__14_21_04_029373 : Konec
2025-11-24 14:21:04.029 - INFO - -----------------------------------------------------
2025-11-24 14:21:14.397 - INFO - -----------------------------------------------------
2025-11-24 14:21:14.398 - INFO - Začátek
2025-11-24 14:21:14.399 - WARNING - Vlákno scanner nežije
2025-11-24 14:21:14.399 - INFO - 2025_11_24__14_21_14_399504 : Konec
2025-11-24 14:21:14.399 - INFO - -----------------------------------------------------
2025-11-24 14:21:24.775 - INFO - -----------------------------------------------------
2025-11-24 14:21:24.775 - INFO - Začátek
2025-11-24 14:21:24.776 - WARNING - Vlákno scanner nežije
2025-11-24 14:21:24.777 - INFO - 2025_11_24__14_21_24_777042 : Konec
2025-11-24 14:21:24.777 - INFO - -----------------------------------------------------
2025-11-24 14:21:35.139 - INFO - -----------------------------------------------------
2025-11-24 14:21:35.139 - INFO - Začátek
2025-11-24 14:21:35.140 - WARNING - Vlákno scanner nežije
2025-11-24 14:21:35.140 - INFO - 2025_11_24__14_21_35_140528 : Konec
2025-11-24 14:21:35.140 - INFO - -----------------------------------------------------
2025-11-24 14:21:45.524 - INFO - -----------------------------------------------------
2025-11-24 14:21:45.525 - INFO - Začátek
2025-11-24 14:21:45.526 - WARNING - Vlákno scanner nežije
2025-11-24 14:21:45.526 - INFO - 2025_11_24__14_21_45_526518 : Konec
2025-11-24 14:21:45.526 - INFO - -----------------------------------------------------
2025-11-24 14:21:55.884 - INFO - -----------------------------------------------------
2025-11-24 14:21:55.884 - INFO - Začátek
2025-11-24 14:21:55.886 - WARNING - Vlákno scanner nežije
2025-11-24 14:21:55.886 - INFO - 2025_11_24__14_21_55_886266 : Konec
2025-11-24 14:21:55.886 - INFO - -----------------------------------------------------
2025-11-24 14:22:06.274 - INFO - -----------------------------------------------------
2025-11-24 14:22:06.274 - INFO - Začátek
2025-11-24 14:22:06.275 - WARNING - Vlákno scanner nežije
2025-11-24 14:22:06.275 - INFO - 2025_11_24__14_22_06_275840 : Konec
2025-11-24 14:22:06.276 - INFO - -----------------------------------------------------
2025-11-24 14:22:16.659 - INFO - -----------------------------------------------------
2025-11-24 14:22:16.659 - INFO - Začátek
2025-11-24 14:22:16.660 - WARNING - Vlákno scanner nežije
2025-11-24 14:22:16.660 - INFO - 2025_11_24__14_22_16_660771 : Konec
2025-11-24 14:22:16.660 - INFO - -----------------------------------------------------
2025-11-24 14:22:27.018 - INFO - -----------------------------------------------------
2025-11-24 14:22:27.019 - INFO - Začátek
2025-11-24 14:22:27.020 - WARNING - Vlákno scanner nežije
2025-11-24 14:22:27.020 - INFO - 2025_11_24__14_22_27_020607 : Konec
2025-11-24 14:22:27.020 - INFO - -----------------------------------------------------
2025-11-24 14:22:37.376 - INFO - -----------------------------------------------------
2025-11-24 14:22:37.377 - INFO - Začátek
2025-11-24 14:22:37.378 - WARNING - Vlákno scanner nežije
2025-11-24 14:22:37.378 - INFO - 2025_11_24__14_22_37_378518 : Konec
2025-11-24 14:22:37.378 - INFO - -----------------------------------------------------
2025-11-24 14:22:47.760 - INFO - -----------------------------------------------------
2025-11-24 14:22:47.760 - INFO - Začátek
2025-11-24 14:22:47.761 - WARNING - Vlákno scanner nežije
2025-11-24 14:22:47.761 - INFO - 2025_11_24__14_22_47_761838 : Konec
2025-11-24 14:22:47.762 - INFO - -----------------------------------------------------
2025-11-24 14:22:58.143 - INFO - -----------------------------------------------------
2025-11-24 14:22:58.143 - INFO - Začátek
2025-11-24 14:22:58.144 - WARNING - Vlákno scanner nežije
2025-11-24 14:22:58.145 - INFO - 2025_11_24__14_22_58_144930 : Konec
2025-11-24 14:22:58.145 - INFO - -----------------------------------------------------
2025-11-24 14:23:08.524 - INFO - -----------------------------------------------------
2025-11-24 14:23:08.524 - INFO - Začátek
2025-11-24 14:23:08.525 - WARNING - Vlákno scanner nežije
2025-11-24 14:23:08.526 - INFO - 2025_11_24__14_23_08_525961 : Konec
2025-11-24 14:23:08.526 - INFO - -----------------------------------------------------
2025-11-24 14:23:18.912 - INFO - -----------------------------------------------------
2025-11-24 14:23:18.912 - INFO - Začátek
2025-11-24 14:23:18.913 - WARNING - Vlákno scanner nežije
2025-11-24 14:23:18.913 - INFO - 2025_11_24__14_23_18_913359 : Konec
2025-11-24 14:23:18.913 - INFO - -----------------------------------------------------
2025-11-24 14:23:29.303 - INFO - -----------------------------------------------------
2025-11-24 14:23:29.304 - INFO - Začátek
2025-11-24 14:23:29.305 - WARNING - Vlákno scanner nežije
2025-11-24 14:23:29.305 - INFO - 2025_11_24__14_23_29_305630 : Konec
2025-11-24 14:23:29.305 - INFO - -----------------------------------------------------
2025-11-24 14:23:39.665 - INFO - -----------------------------------------------------
2025-11-24 14:23:39.666 - INFO - Začátek
2025-11-24 14:23:39.667 - WARNING - Vlákno scanner nežije
2025-11-24 14:23:39.667 - INFO - 2025_11_24__14_23_39_667342 : Konec
2025-11-24 14:23:39.667 - INFO - -----------------------------------------------------
2025-11-24 14:23:50.047 - INFO - -----------------------------------------------------
2025-11-24 14:23:50.047 - INFO - Začátek
2025-11-24 14:23:50.048 - WARNING - Vlákno scanner nežije
2025-11-24 14:23:50.048 - INFO - 2025_11_24__14_23_50_048807 : Konec
2025-11-24 14:23:50.049 - INFO - -----------------------------------------------------
2025-11-24 14:24:00.420 - INFO - -----------------------------------------------------
2025-11-24 14:24:00.421 - INFO - Začátek
2025-11-24 14:24:00.422 - WARNING - Vlákno scanner nežije
2025-11-24 14:24:00.422 - INFO - 2025_11_24__14_24_00_422532 : Konec
2025-11-24 14:24:00.422 - INFO - -----------------------------------------------------
2025-11-24 14:24:10.786 - INFO - -----------------------------------------------------
2025-11-24 14:24:10.786 - INFO - Začátek
2025-11-24 14:24:10.787 - WARNING - Vlákno scanner nežije
2025-11-24 14:24:10.788 - INFO - 2025_11_24__14_24_10_788148 : Konec
2025-11-24 14:24:10.788 - INFO - -----------------------------------------------------
2025-11-24 14:24:21.156 - INFO - -----------------------------------------------------
2025-11-24 14:24:21.157 - INFO - Začátek
2025-11-24 14:24:21.158 - WARNING - Vlákno scanner nežije
2025-11-24 14:24:21.158 - INFO - 2025_11_24__14_24_21_158323 : Konec
2025-11-24 14:24:21.158 - INFO - -----------------------------------------------------
2025-11-24 14:24:31.539 - INFO - -----------------------------------------------------
2025-11-24 14:24:31.540 - INFO - Začátek
2025-11-24 14:24:31.541 - WARNING - Vlákno scanner nežije
2025-11-24 14:24:31.541 - INFO - 2025_11_24__14_24_31_541308 : Konec
2025-11-24 14:24:31.541 - INFO - -----------------------------------------------------
2025-11-24 14:24:41.915 - INFO - -----------------------------------------------------
2025-11-24 14:24:41.915 - INFO - Začátek
2025-11-24 14:24:41.916 - WARNING - Vlákno scanner nežije
2025-11-24 14:24:41.917 - INFO - 2025_11_24__14_24_41_917129 : Konec
2025-11-24 14:24:41.917 - INFO - -----------------------------------------------------
2025-11-24 14:24:52.301 - INFO - -----------------------------------------------------
2025-11-24 14:24:52.302 - INFO - Začátek
2025-11-24 14:24:52.302 - WARNING - Vlákno scanner nežije
2025-11-24 14:24:52.303 - INFO - 2025_11_24__14_24_52_303140 : Konec
2025-11-24 14:24:52.303 - INFO - -----------------------------------------------------
2025-11-24 14:25:02.675 - INFO - -----------------------------------------------------
2025-11-24 14:25:02.675 - INFO - Začátek
2025-11-24 14:25:02.676 - WARNING - Vlákno scanner nežije
2025-11-24 14:25:02.676 - INFO - 2025_11_24__14_25_02_676700 : Konec
2025-11-24 14:25:02.676 - INFO - -----------------------------------------------------
2025-11-24 14:25:13.042 - INFO - -----------------------------------------------------
2025-11-24 14:25:13.042 - INFO - Začátek
2025-11-24 14:25:13.043 - WARNING - Vlákno scanner nežije
2025-11-24 14:25:13.043 - INFO - 2025_11_24__14_25_13_043771 : Konec
2025-11-24 14:25:13.044 - INFO - -----------------------------------------------------
2025-11-24 14:25:23.420 - INFO - -----------------------------------------------------
2025-11-24 14:25:23.421 - INFO - Začátek
2025-11-24 14:25:23.422 - WARNING - Vlákno scanner nežije
2025-11-24 14:25:23.422 - INFO - 2025_11_24__14_25_23_422537 : Konec
2025-11-24 14:25:23.422 - INFO - -----------------------------------------------------
2025-11-24 14:25:33.803 - INFO - -----------------------------------------------------
2025-11-24 14:25:33.803 - INFO - Začátek
2025-11-24 14:25:33.804 - WARNING - Vlákno scanner nežije
2025-11-24 14:25:33.804 - INFO - 2025_11_24__14_25_33_804654 : Konec
2025-11-24 14:25:33.804 - INFO - -----------------------------------------------------
2025-11-24 14:25:44.174 - INFO - -----------------------------------------------------
2025-11-24 14:25:44.175 - INFO - Začátek
2025-11-24 14:25:44.176 - WARNING - Vlákno scanner nežije
2025-11-24 14:25:44.176 - INFO - 2025_11_24__14_25_44_176362 : Konec
2025-11-24 14:25:44.176 - INFO - -----------------------------------------------------
2025-11-24 14:25:54.555 - INFO - -----------------------------------------------------
2025-11-24 14:25:54.555 - INFO - Začátek
2025-11-24 14:25:54.556 - WARNING - Vlákno scanner nežije
2025-11-24 14:25:54.557 - INFO - 2025_11_24__14_25_54_557027 : Konec
2025-11-24 14:25:54.557 - INFO - -----------------------------------------------------
2025-11-24 14:26:04.940 - INFO - -----------------------------------------------------
2025-11-24 14:26:04.941 - INFO - Začátek
2025-11-24 14:26:04.942 - WARNING - Vlákno scanner nežije
2025-11-24 14:26:04.942 - INFO - 2025_11_24__14_26_04_942392 : Konec
2025-11-24 14:26:04.942 - INFO - -----------------------------------------------------
2025-11-24 14:26:15.329 - INFO - -----------------------------------------------------
2025-11-24 14:26:15.330 - INFO - Začátek
2025-11-24 14:26:15.330 - WARNING - Vlákno scanner nežije
2025-11-24 14:26:15.331 - INFO - 2025_11_24__14_26_15_331255 : Konec
2025-11-24 14:26:15.331 - INFO - -----------------------------------------------------
2025-11-24 14:26:25.715 - INFO - -----------------------------------------------------
2025-11-24 14:26:25.715 - INFO - Začátek
2025-11-24 14:26:25.717 - WARNING - Vlákno scanner nežije
2025-11-24 14:26:25.717 - INFO - 2025_11_24__14_26_25_717280 : Konec
2025-11-24 14:26:25.717 - INFO - -----------------------------------------------------
2025-11-24 14:26:36.100 - INFO - -----------------------------------------------------
2025-11-24 14:26:36.101 - INFO - Začátek
2025-11-24 14:26:36.102 - WARNING - Vlákno scanner nežije
2025-11-24 14:26:36.102 - INFO - 2025_11_24__14_26_36_102647 : Konec
2025-11-24 14:26:36.103 - INFO - -----------------------------------------------------
2025-11-24 14:26:46.465 - INFO - -----------------------------------------------------
2025-11-24 14:26:46.465 - INFO - Začátek
2025-11-24 14:26:46.466 - WARNING - Vlákno scanner nežije
2025-11-24 14:26:46.467 - INFO - 2025_11_24__14_26_46_466981 : Konec
2025-11-24 14:26:46.467 - INFO - -----------------------------------------------------
2025-11-24 14:26:56.827 - INFO - -----------------------------------------------------
2025-11-24 14:26:56.828 - INFO - Začátek
2025-11-24 14:26:56.829 - WARNING - Vlákno scanner nežije
2025-11-24 14:26:56.829 - INFO - 2025_11_24__14_26_56_829802 : Konec
2025-11-24 14:26:56.830 - INFO - -----------------------------------------------------
2025-11-24 14:27:07.205 - INFO - -----------------------------------------------------
2025-11-24 14:27:07.206 - INFO - Začátek
2025-11-24 14:27:07.207 - WARNING - Vlákno scanner nežije
2025-11-24 14:27:07.207 - INFO - 2025_11_24__14_27_07_207365 : Konec
2025-11-24 14:27:07.207 - INFO - -----------------------------------------------------
2025-11-24 14:27:17.592 - INFO - -----------------------------------------------------
2025-11-24 14:27:17.592 - INFO - Začátek
2025-11-24 14:27:17.593 - WARNING - Vlákno scanner nežije
2025-11-24 14:27:17.594 - INFO - 2025_11_24__14_27_17_594017 : Konec
2025-11-24 14:27:17.594 - INFO - -----------------------------------------------------
2025-11-24 14:27:27.971 - INFO - -----------------------------------------------------
2025-11-24 14:27:27.971 - INFO - Začátek
2025-11-24 14:27:27.972 - WARNING - Vlákno scanner nežije
2025-11-24 14:27:27.973 - INFO - 2025_11_24__14_27_27_973236 : Konec
2025-11-24 14:27:27.973 - INFO - -----------------------------------------------------
2025-11-24 14:27:38.359 - INFO - -----------------------------------------------------
2025-11-24 14:27:38.359 - INFO - Začátek
2025-11-24 14:27:38.360 - WARNING - Vlákno scanner nežije
2025-11-24 14:27:38.360 - INFO - 2025_11_24__14_27_38_360604 : Konec
2025-11-24 14:27:38.360 - INFO - -----------------------------------------------------
2025-11-24 14:27:48.739 - INFO - -----------------------------------------------------
2025-11-24 14:27:48.739 - INFO - Začátek
2025-11-24 14:27:48.741 - WARNING - Vlákno scanner nežije
2025-11-24 14:27:48.741 - INFO - 2025_11_24__14_27_48_741283 : Konec
2025-11-24 14:27:48.741 - INFO - -----------------------------------------------------
2025-11-24 14:27:59.120 - INFO - -----------------------------------------------------
2025-11-24 14:27:59.120 - INFO - Začátek
2025-11-24 14:27:59.121 - WARNING - Vlákno scanner nežije
2025-11-24 14:27:59.122 - INFO - 2025_11_24__14_27_59_122093 : Konec
2025-11-24 14:27:59.122 - INFO - -----------------------------------------------------
2025-11-24 14:28:09.500 - INFO - -----------------------------------------------------
2025-11-24 14:28:09.500 - INFO - Začátek
2025-11-24 14:28:09.501 - WARNING - Vlákno scanner nežije
2025-11-24 14:28:09.501 - INFO - 2025_11_24__14_28_09_501374 : Konec
2025-11-24 14:28:09.501 - INFO - -----------------------------------------------------
2025-11-24 14:28:19.885 - INFO - -----------------------------------------------------
2025-11-24 14:28:19.886 - INFO - Začátek
2025-11-24 14:28:19.887 - WARNING - Vlákno scanner nežije
2025-11-24 14:28:19.887 - INFO - 2025_11_24__14_28_19_887332 : Konec
2025-11-24 14:28:19.887 - INFO - -----------------------------------------------------
2025-11-24 14:28:30.258 - INFO - -----------------------------------------------------
2025-11-24 14:28:30.258 - INFO - Začátek
2025-11-24 14:28:30.259 - WARNING - Vlákno scanner nežije
2025-11-24 14:28:30.260 - INFO - 2025_11_24__14_28_30_260226 : Konec
2025-11-24 14:28:30.260 - INFO - -----------------------------------------------------
2025-11-24 14:28:40.636 - INFO - -----------------------------------------------------
2025-11-24 14:28:40.636 - INFO - Začátek
2025-11-24 14:28:40.637 - WARNING - Vlákno scanner nežije
2025-11-24 14:28:40.638 - INFO - 2025_11_24__14_28_40_638076 : Konec
2025-11-24 14:28:40.638 - INFO - -----------------------------------------------------
2025-11-24 14:28:51.030 - INFO - -----------------------------------------------------
2025-11-24 14:28:51.030 - INFO - Začátek
2025-11-24 14:28:51.031 - WARNING - Vlákno scanner nežije
2025-11-24 14:28:51.032 - INFO - 2025_11_24__14_28_51_032067 : Konec
2025-11-24 14:28:51.032 - INFO - -----------------------------------------------------
2025-11-24 14:29:01.414 - INFO - -----------------------------------------------------
2025-11-24 14:29:01.414 - INFO - Začátek
2025-11-24 14:29:01.415 - WARNING - Vlákno scanner nežije
2025-11-24 14:29:01.416 - INFO - 2025_11_24__14_29_01_416219 : Konec
2025-11-24 14:29:01.416 - INFO - -----------------------------------------------------
2025-11-24 14:29:11.798 - INFO - -----------------------------------------------------
2025-11-24 14:29:11.799 - INFO - Začátek
2025-11-24 14:29:11.800 - WARNING - Vlákno scanner nežije
2025-11-24 14:29:11.800 - INFO - 2025_11_24__14_29_11_800402 : Konec
2025-11-24 14:29:11.800 - INFO - -----------------------------------------------------
2025-11-24 14:29:22.185 - INFO - -----------------------------------------------------
2025-11-24 14:29:22.185 - INFO - Začátek
2025-11-24 14:29:22.186 - WARNING - Vlákno scanner nežije
2025-11-24 14:29:22.187 - INFO - 2025_11_24__14_29_22_187007 : Konec
2025-11-24 14:29:22.187 - INFO - -----------------------------------------------------
2025-11-24 14:29:32.574 - INFO - -----------------------------------------------------
2025-11-24 14:29:32.574 - INFO - Začátek
2025-11-24 14:29:32.576 - WARNING - Vlákno scanner nežije
2025-11-24 14:29:32.576 - INFO - 2025_11_24__14_29_32_576277 : Konec
2025-11-24 14:29:32.576 - INFO - -----------------------------------------------------
2025-11-24 14:29:42.938 - INFO - -----------------------------------------------------
2025-11-24 14:29:42.938 - INFO - Začátek
2025-11-24 14:29:42.939 - WARNING - Vlákno scanner nežije
2025-11-24 14:29:42.940 - INFO - 2025_11_24__14_29_42_939993 : Konec
2025-11-24 14:29:42.940 - INFO - -----------------------------------------------------
2025-11-24 14:29:53.323 - INFO - -----------------------------------------------------
2025-11-24 14:29:53.324 - INFO - Začátek
2025-11-24 14:29:53.325 - WARNING - Vlákno scanner nežije
2025-11-24 14:29:53.325 - INFO - 2025_11_24__14_29_53_325527 : Konec
2025-11-24 14:29:53.325 - INFO - -----------------------------------------------------
2025-11-24 14:30:03.690 - INFO - -----------------------------------------------------
2025-11-24 14:30:03.691 - INFO - Začátek
2025-11-24 14:30:03.692 - WARNING - Vlákno scanner nežije
2025-11-24 14:30:03.692 - INFO - 2025_11_24__14_30_03_692393 : Konec
2025-11-24 14:30:03.692 - INFO - -----------------------------------------------------
2025-11-24 14:30:14.075 - INFO - -----------------------------------------------------
2025-11-24 14:30:14.076 - INFO - Začátek
2025-11-24 14:30:14.077 - WARNING - Vlákno scanner nežije
2025-11-24 14:30:14.077 - INFO - 2025_11_24__14_30_14_077557 : Konec
2025-11-24 14:30:14.077 - INFO - -----------------------------------------------------
2025-11-24 14:30:24.456 - INFO - -----------------------------------------------------
2025-11-24 14:30:24.456 - INFO - Začátek
2025-11-24 14:30:24.457 - WARNING - Vlákno scanner nežije
2025-11-24 14:30:24.458 - INFO - 2025_11_24__14_30_24_458181 : Konec
2025-11-24 14:30:24.458 - INFO - -----------------------------------------------------
2025-11-24 14:30:34.841 - INFO - -----------------------------------------------------
2025-11-24 14:30:34.841 - INFO - Začátek
2025-11-24 14:30:34.842 - WARNING - Vlákno scanner nežije
2025-11-24 14:30:34.843 - INFO - 2025_11_24__14_30_34_843066 : Konec
2025-11-24 14:30:34.843 - INFO - -----------------------------------------------------
2025-11-24 14:30:45.224 - INFO - -----------------------------------------------------
2025-11-24 14:30:45.224 - INFO - Začátek
2025-11-24 14:30:45.225 - WARNING - Vlákno scanner nežije
2025-11-24 14:30:45.225 - INFO - 2025_11_24__14_30_45_225837 : Konec
2025-11-24 14:30:45.226 - INFO - -----------------------------------------------------
2025-11-24 14:30:55.597 - INFO - -----------------------------------------------------
2025-11-24 14:30:55.597 - INFO - Začátek
2025-11-24 14:30:55.598 - WARNING - Vlákno scanner nežije
2025-11-24 14:30:55.598 - INFO - 2025_11_24__14_30_55_598277 : Konec
2025-11-24 14:30:55.598 - INFO - -----------------------------------------------------
2025-11-24 14:31:05.981 - INFO - -----------------------------------------------------
2025-11-24 14:31:05.982 - INFO - Začátek
2025-11-24 14:31:05.983 - WARNING - Vlákno scanner nežije
2025-11-24 14:31:05.983 - INFO - 2025_11_24__14_31_05_983274 : Konec
2025-11-24 14:31:05.983 - INFO - -----------------------------------------------------
2025-11-24 14:31:16.372 - INFO - -----------------------------------------------------
2025-11-24 14:31:16.372 - INFO - Začátek
2025-11-24 14:31:16.373 - WARNING - Vlákno scanner nežije
2025-11-24 14:31:16.373 - INFO - 2025_11_24__14_31_16_373887 : Konec
2025-11-24 14:31:16.374 - INFO - -----------------------------------------------------
2025-11-24 14:31:26.736 - INFO - -----------------------------------------------------
2025-11-24 14:31:26.737 - INFO - Začátek
2025-11-24 14:31:26.738 - WARNING - Vlákno scanner nežije
2025-11-24 14:31:26.738 - INFO - 2025_11_24__14_31_26_738341 : Konec
2025-11-24 14:31:26.738 - INFO - -----------------------------------------------------
2025-11-24 14:31:37.120 - INFO - -----------------------------------------------------
2025-11-24 14:31:37.120 - INFO - Začátek
2025-11-24 14:31:37.121 - WARNING - Vlákno scanner nežije
2025-11-24 14:31:37.121 - INFO - 2025_11_24__14_31_37_121425 : Konec
2025-11-24 14:31:37.121 - INFO - -----------------------------------------------------
2025-11-24 14:31:47.484 - INFO - -----------------------------------------------------
2025-11-24 14:31:47.484 - INFO - Začátek
2025-11-24 14:31:47.485 - WARNING - Vlákno scanner nežije
2025-11-24 14:31:47.485 - INFO - 2025_11_24__14_31_47_485913 : Konec
2025-11-24 14:31:47.486 - INFO - -----------------------------------------------------
2025-11-24 14:31:57.867 - INFO - -----------------------------------------------------
2025-11-24 14:31:57.867 - INFO - Začátek
2025-11-24 14:31:57.869 - WARNING - Vlákno scanner nežije
2025-11-24 14:31:57.869 - INFO - 2025_11_24__14_31_57_869292 : Konec
2025-11-24 14:31:57.869 - INFO - -----------------------------------------------------
2025-11-24 14:32:08.236 - INFO - -----------------------------------------------------
2025-11-24 14:32:08.236 - INFO - Začátek
2025-11-24 14:32:08.237 - WARNING - Vlákno scanner nežije
2025-11-24 14:32:08.237 - INFO - 2025_11_24__14_32_08_237412 : Konec
2025-11-24 14:32:08.237 - INFO - -----------------------------------------------------
2025-11-24 14:32:18.619 - INFO - -----------------------------------------------------
2025-11-24 14:32:18.620 - INFO - Začátek
2025-11-24 14:32:18.620 - WARNING - Vlákno scanner nežije
2025-11-24 14:32:18.621 - INFO - 2025_11_24__14_32_18_621140 : Konec
2025-11-24 14:32:18.621 - INFO - -----------------------------------------------------
2025-11-24 14:32:29.004 - INFO - -----------------------------------------------------
2025-11-24 14:32:29.005 - INFO - Začátek
2025-11-24 14:32:29.005 - WARNING - Vlákno scanner nežije
2025-11-24 14:32:29.006 - INFO - 2025_11_24__14_32_29_006161 : Konec
2025-11-24 14:32:29.006 - INFO - -----------------------------------------------------
2025-11-24 14:32:39.380 - INFO - -----------------------------------------------------
2025-11-24 14:32:39.380 - INFO - Začátek
2025-11-24 14:32:39.381 - WARNING - Vlákno scanner nežije
2025-11-24 14:32:39.382 - INFO - 2025_11_24__14_32_39_382150 : Konec
2025-11-24 14:32:39.382 - INFO - -----------------------------------------------------
2025-11-24 14:32:49.771 - INFO - -----------------------------------------------------
2025-11-24 14:32:49.771 - INFO - Začátek
2025-11-24 14:32:49.772 - WARNING - Vlákno scanner nežije
2025-11-24 14:32:49.772 - INFO - 2025_11_24__14_32_49_772692 : Konec
2025-11-24 14:32:49.772 - INFO - -----------------------------------------------------
2025-11-24 14:33:00.154 - INFO - -----------------------------------------------------
2025-11-24 14:33:00.154 - INFO - Začátek
2025-11-24 14:33:00.155 - WARNING - Vlákno scanner nežije
2025-11-24 14:33:00.155 - INFO - 2025_11_24__14_33_00_155839 : Konec
2025-11-24 14:33:00.156 - INFO - -----------------------------------------------------
2025-11-24 14:33:10.528 - INFO - -----------------------------------------------------
2025-11-24 14:33:10.528 - INFO - Začátek
2025-11-24 14:33:10.529 - WARNING - Vlákno scanner nežije
2025-11-24 14:33:10.530 - INFO - 2025_11_24__14_33_10_529963 : Konec
2025-11-24 14:33:10.530 - INFO - -----------------------------------------------------
2025-11-24 14:33:20.891 - INFO - -----------------------------------------------------
2025-11-24 14:33:20.892 - INFO - Začátek
2025-11-24 14:33:20.893 - WARNING - Vlákno scanner nežije
2025-11-24 14:33:20.893 - INFO - 2025_11_24__14_33_20_893381 : Konec
2025-11-24 14:33:20.893 - INFO - -----------------------------------------------------
2025-11-24 14:33:31.274 - INFO - -----------------------------------------------------
2025-11-24 14:33:31.274 - INFO - Začátek
2025-11-24 14:33:31.276 - WARNING - Vlákno scanner nežije
2025-11-24 14:33:31.276 - INFO - 2025_11_24__14_33_31_276269 : Konec
2025-11-24 14:33:31.276 - INFO - -----------------------------------------------------
2025-11-24 14:33:41.639 - INFO - -----------------------------------------------------
2025-11-24 14:33:41.639 - INFO - Začátek
2025-11-24 14:33:41.640 - WARNING - Vlákno scanner nežije
2025-11-24 14:33:41.641 - INFO - 2025_11_24__14_33_41_641117 : Konec
2025-11-24 14:33:41.641 - INFO - -----------------------------------------------------
2025-11-24 14:33:52.011 - INFO - -----------------------------------------------------
2025-11-24 14:33:52.012 - INFO - Začátek
2025-11-24 14:33:52.013 - WARNING - Vlákno scanner nežije
2025-11-24 14:33:52.013 - INFO - 2025_11_24__14_33_52_013368 : Konec
2025-11-24 14:33:52.013 - INFO - -----------------------------------------------------
2025-11-24 14:34:02.373 - INFO - -----------------------------------------------------
2025-11-24 14:34:02.373 - INFO - Začátek
2025-11-24 14:34:02.374 - WARNING - Vlákno scanner nežije
2025-11-24 14:34:02.374 - INFO - 2025_11_24__14_34_02_374857 : Konec
2025-11-24 14:34:02.375 - INFO - -----------------------------------------------------
2025-11-24 14:34:12.755 - INFO - -----------------------------------------------------
2025-11-24 14:34:12.755 - INFO - Začátek
2025-11-24 14:34:12.756 - WARNING - Vlákno scanner nežije
2025-11-24 14:34:12.757 - INFO - 2025_11_24__14_34_12_756981 : Konec
2025-11-24 14:34:12.757 - INFO - -----------------------------------------------------
2025-11-24 14:34:23.151 - INFO - -----------------------------------------------------
2025-11-24 14:34:23.152 - INFO - Začátek
