2025-11-07 08:27:58 - INFO - -----------------------------------------------------
2025-11-07 08:27:58 - INFO - Začátek
2025-11-07 08:27:58 - WARNING - Vlákno scanner nežije
2025-11-07 08:27:58 - INFO - 2025_11_07__08_27_58_410370 : Konec
2025-11-07 08:27:58 - INFO - -----------------------------------------------------
2025-11-07 08:28:53 - INFO - -----------------------------------------------------
2025-11-07 08:28:53 - INFO - Začátek
2025-11-07 08:29:01 - DEBUG - zapis_do_opc : Začátek
2025-11-07 08:29:01 - DEBUG - zapis_do_opc : False
2025-11-07 08:29:01 - DEBUG - zapis_do_opc : Začátek
2025-11-07 08:29:01 - DEBUG - zapis_do_opc : B1258042613*
2025-11-07 08:29:01 - DEBUG - cteni_z_opc : Začátek
2025-11-07 08:29:01 - DEBUG - cteni_z_opc : False
2025-11-07 08:35:10 - INFO - -----------------------------------------------------
2025-11-07 08:35:10 - INFO - Začátek
2025-11-07 08:36:49 - INFO - -----------------------------------------------------
2025-11-07 08:36:49 - INFO - Začátek
2025-11-07 08:36:49 - WARNING - Vlákno scanner nežije
2025-11-07 08:36:49 - INFO - 2025_11_07__08_36_49_436458 : Konec
2025-11-07 08:36:49 - INFO - -----------------------------------------------------
2025-11-07 08:37:09 - INFO - -----------------------------------------------------
2025-11-07 08:37:09 - INFO - Začátek
2025-11-07 08:37:27 - WARNING - Vlákno scanner nežije
2025-11-07 08:37:27 - INFO - 2025_11_07__08_37_27_601082 : Konec
2025-11-07 08:37:27 - INFO - -----------------------------------------------------
2025-11-07 08:44:26 - INFO - -----------------------------------------------------
2025-11-07 08:44:26 - INFO - Začátek
2025-11-07 08:44:26 - WARNING - Vlákno scanner nežije
2025-11-07 08:44:26 - INFO - 2025_11_07__08_44_26_793260 : Konec
2025-11-07 08:44:26 - INFO - -----------------------------------------------------
2025-11-07 08:44:39 - INFO - -----------------------------------------------------
2025-11-07 08:44:39 - INFO - Začátek
2025-11-07 08:44:49 - DEBUG - zapis_do_opc : Začátek
2025-11-07 08:44:49 - DEBUG - zapis_do_opc : False
2025-11-07 08:44:49 - DEBUG - zapis_do_opc : Začátek
2025-11-07 08:44:49 - DEBUG - zapis_do_opc : B1258042613*
2025-11-07 08:44:49 - DEBUG - cteni_z_opc : Začátek
2025-11-07 08:44:49 - DEBUG - cteni_z_opc : False
2025-11-07 08:44:49 - DEBUG - Potvrzení - False
2025-11-07 08:45:09 - ERROR - Error - [Errno 5] Input/output error
2025-11-07 08:45:09 - WARNING - Vlákno scanner nežije
2025-11-07 08:45:09 - INFO - 2025_11_07__08_45_09_768309 : Konec
2025-11-07 08:45:09 - INFO - -----------------------------------------------------
2025-11-07 08:48:46 - INFO - -----------------------------------------------------
2025-11-07 08:48:46 - INFO - Začátek
2025-11-07 08:48:46 - WARNING - Vlákno scanner nežije
2025-11-07 08:48:46 - INFO - 2025_11_07__08_48_46_821078 : Konec
2025-11-07 08:48:46 - INFO - -----------------------------------------------------
2025-11-07 08:48:57 - INFO - -----------------------------------------------------
2025-11-07 08:48:57 - INFO - Začátek
2025-11-07 08:48:57 - WARNING - Vlákno scanner nežije
2025-11-07 08:48:57 - INFO - 2025_11_07__08_48_57_226451 : Konec
2025-11-07 08:48:57 - INFO - -----------------------------------------------------
2025-11-07 08:49:07 - INFO - -----------------------------------------------------
2025-11-07 08:49:07 - INFO - Začátek
2025-11-07 08:49:58 - ERROR - Error - [Errno 5] Input/output error
2025-11-07 08:49:58 - WARNING - Vlákno scanner nežije
2025-11-07 08:49:58 - INFO - 2025_11_07__08_49_58_026774 : Konec
2025-11-07 08:49:58 - INFO - -----------------------------------------------------
2025-11-07 08:50:08 - INFO - -----------------------------------------------------
2025-11-07 08:50:08 - INFO - Začátek
2025-11-07 08:50:08 - WARNING - Vlákno scanner nežije
2025-11-07 08:50:08 - INFO - 2025_11_07__08_50_08_395343 : Konec
2025-11-07 08:50:08 - INFO - -----------------------------------------------------
2025-11-07 08:50:18 - INFO - -----------------------------------------------------
2025-11-07 08:50:18 - INFO - Začátek
2025-11-07 08:50:18 - WARNING - Vlákno scanner nežije
2025-11-07 08:50:18 - INFO - 2025_11_07__08_50_18_777205 : Konec
2025-11-07 08:50:18 - INFO - -----------------------------------------------------
2025-11-07 08:50:29 - INFO - -----------------------------------------------------
2025-11-07 08:50:29 - INFO - Začátek
2025-11-07 08:50:29 - WARNING - Vlákno scanner nežije
2025-11-07 08:50:29 - INFO - 2025_11_07__08_50_29_159182 : Konec
2025-11-07 08:50:29 - INFO - -----------------------------------------------------
2025-11-07 08:50:39 - INFO - -----------------------------------------------------
2025-11-07 08:50:39 - INFO - Začátek
2025-11-07 08:50:39 - WARNING - Vlákno scanner nežije
2025-11-07 08:50:39 - INFO - 2025_11_07__08_50_39_531532 : Konec
2025-11-07 08:50:39 - INFO - -----------------------------------------------------
2025-11-07 08:50:49 - INFO - -----------------------------------------------------
2025-11-07 08:50:49 - INFO - Začátek
2025-11-07 13:11:59 - INFO - -----------------------------------------------------
2025-11-07 13:11:59 - INFO - Začátek
2025-11-07 13:14:18 - INFO - -----------------------------------------------------
2025-11-07 13:14:18 - INFO - Začátek
2025-11-07 13:15:33 - INFO - -----------------------------------------------------
2025-11-07 13:15:33 - INFO - Začátek
2025-11-07 14:54:30 - INFO - -----------------------------------------------------
2025-11-07 14:54:30 - INFO - Začátek
